<?xml version="1.0" encoding="UTF-8"?>
<coverage generated="1777148866367" clover="3.2.0">
  <project timestamp="1777148866367" name="All files">
    <metrics statements="372" coveredstatements="372" conditionals="217" coveredconditionals="217" methods="61" coveredmethods="61" elements="650" coveredelements="650" complexity="0" loc="372" ncloc="372" packages="7" files="12" classes="12"/>
    <package name="src">
      <metrics statements="13" coveredstatements="13" conditionals="0" coveredconditionals="0" methods="0" coveredmethods="0"/>
      <file name="app.js" path="/Users/ana/Documents/MentoriaJL-turma3/ppp/src/app.js">
        <metrics statements="13" coveredstatements="13" conditionals="0" coveredconditionals="0" methods="0" coveredmethods="0"/>
        <line num="1" count="4" type="stmt"/>
        <line num="2" count="4" type="stmt"/>
        <line num="3" count="4" type="stmt"/>
        <line num="4" count="4" type="stmt"/>
        <line num="6" count="4" type="stmt"/>
        <line num="7" count="4" type="stmt"/>
        <line num="9" count="4" type="stmt"/>
        <line num="10" count="4" type="stmt"/>
        <line num="12" count="4" type="stmt"/>
        <line num="13" count="4" type="stmt"/>
        <line num="15" count="4" type="stmt"/>
        <line num="16" count="4" type="stmt"/>
        <line num="18" count="4" type="stmt"/>
      </file>
    </package>
    <package name="src.controllers">
      <metrics statements="58" coveredstatements="58" conditionals="24" coveredconditionals="24" methods="8" coveredmethods="8"/>
      <file name="recipeController.js" path="/Users/ana/Documents/MentoriaJL-turma3/ppp/src/controllers/recipeController.js">
        <metrics statements="34" coveredstatements="34" conditionals="14" coveredconditionals="14" methods="5" coveredmethods="5"/>
        <line num="1" count="4" type="stmt"/>
        <line num="2" count="4" type="stmt"/>
        <line num="4" count="4" type="stmt"/>
        <line num="5" count="89" type="stmt"/>
        <line num="6" count="89" type="cond" truecount="2" falsecount="0"/>
        <line num="7" count="21" type="stmt"/>
        <line num="10" count="68" type="stmt"/>
        <line num="11" count="68" type="cond" truecount="2" falsecount="0"/>
        <line num="12" count="1" type="stmt"/>
        <line num="14" count="67" type="stmt"/>
        <line num="17" count="4" type="stmt"/>
        <line num="18" count="4" type="stmt"/>
        <line num="19" count="4" type="cond" truecount="2" falsecount="0"/>
        <line num="20" count="2" type="stmt"/>
        <line num="22" count="2" type="stmt"/>
        <line num="25" count="4" type="stmt"/>
        <line num="26" count="15" type="stmt"/>
        <line num="27" count="15" type="cond" truecount="2" falsecount="0"/>
        <line num="28" count="2" type="stmt"/>
        <line num="30" count="13" type="stmt"/>
        <line num="33" count="4" type="stmt"/>
        <line num="34" count="11" type="stmt"/>
        <line num="35" count="11" type="cond" truecount="2" falsecount="0"/>
        <line num="36" count="3" type="stmt"/>
        <line num="38" count="8" type="stmt"/>
        <line num="41" count="4" type="stmt"/>
        <line num="42" count="10" type="stmt"/>
        <line num="43" count="10" type="cond" truecount="2" falsecount="0"/>
        <line num="44" count="2" type="stmt"/>
        <line num="46" count="8" type="stmt"/>
        <line num="47" count="8" type="cond" truecount="2" falsecount="0"/>
        <line num="48" count="3" type="stmt"/>
        <line num="50" count="5" type="stmt"/>
        <line num="53" count="4" type="stmt"/>
      </file>
      <file name="userController.js" path="/Users/ana/Documents/MentoriaJL-turma3/ppp/src/controllers/userController.js">
        <metrics statements="24" coveredstatements="24" conditionals="10" coveredconditionals="10" methods="3" coveredmethods="3"/>
        <line num="1" count="4" type="stmt"/>
        <line num="2" count="4" type="stmt"/>
        <line num="4" count="4" type="stmt"/>
        <line num="5" count="169" type="stmt"/>
        <line num="6" count="169" type="cond" truecount="2" falsecount="0"/>
        <line num="7" count="9" type="stmt"/>
        <line num="10" count="160" type="stmt"/>
        <line num="11" count="160" type="cond" truecount="2" falsecount="0"/>
        <line num="12" count="1" type="stmt"/>
        <line num="14" count="159" type="stmt"/>
        <line num="17" count="4" type="stmt"/>
        <line num="18" count="157" type="stmt"/>
        <line num="19" count="157" type="cond" truecount="2" falsecount="0"/>
        <line num="20" count="2" type="stmt"/>
        <line num="23" count="155" type="stmt"/>
        <line num="24" count="155" type="cond" truecount="2" falsecount="0"/>
        <line num="25" count="3" type="stmt"/>
        <line num="27" count="152" type="stmt"/>
        <line num="30" count="4" type="stmt"/>
        <line num="31" count="8" type="stmt"/>
        <line num="32" count="8" type="cond" truecount="2" falsecount="0"/>
        <line num="33" count="1" type="stmt"/>
        <line num="35" count="7" type="stmt"/>
        <line num="38" count="4" type="stmt"/>
      </file>
    </package>
    <package name="src.middlewares">
      <metrics statements="13" coveredstatements="13" conditionals="4" coveredconditionals="4" methods="1" coveredmethods="1"/>
      <file name="auth.js" path="/Users/ana/Documents/MentoriaJL-turma3/ppp/src/middlewares/auth.js">
        <metrics statements="13" coveredstatements="13" conditionals="4" coveredconditionals="4" methods="1" coveredmethods="1"/>
        <line num="1" count="4" type="stmt"/>
        <line num="2" count="4" type="stmt"/>
        <line num="4" count="4" type="stmt"/>
        <line num="5" count="142" type="stmt"/>
        <line num="6" count="142" type="cond" truecount="4" falsecount="0"/>
        <line num="7" count="4" type="stmt"/>
        <line num="10" count="138" type="stmt"/>
        <line num="11" count="138" type="stmt"/>
        <line num="12" count="138" type="stmt"/>
        <line num="13" count="137" type="stmt"/>
        <line num="14" count="137" type="stmt"/>
        <line num="16" count="1" type="stmt"/>
        <line num="20" count="4" type="stmt"/>
      </file>
    </package>
    <package name="src.models">
      <metrics statements="52" coveredstatements="52" conditionals="12" coveredconditionals="12" methods="25" coveredmethods="25"/>
      <file name="recipeModel.js" path="/Users/ana/Documents/MentoriaJL-turma3/ppp/src/models/recipeModel.js">
        <metrics statements="37" coveredstatements="37" conditionals="10" coveredconditionals="10" methods="16" coveredmethods="16"/>
        <line num="1" count="5" type="stmt"/>
        <line num="2" count="5" type="stmt"/>
        <line num="4" count="116" type="stmt"/>
        <line num="6" count="28" type="stmt"/>
        <line num="8" count="5" type="stmt"/>
        <line num="9" count="69" type="stmt"/>
        <line num="10" count="69" type="stmt"/>
        <line num="13" count="5" type="stmt"/>
        <line num="14" count="3" type="stmt"/>
        <line num="15" count="3" type="cond" truecount="2" falsecount="0"/>
        <line num="16" count="2" type="stmt"/>
        <line num="17" count="2" type="stmt"/>
        <line num="20" count="5" type="stmt"/>
        <line num="21" count="7" type="stmt"/>
        <line num="23" count="5" type="stmt"/>
        <line num="24" count="29" type="cond" truecount="2" falsecount="0"/>
        <line num="26" count="5" type="stmt"/>
        <line num="27" count="6" type="stmt"/>
        <line num="28" count="6" type="cond" truecount="2" falsecount="0"/>
        <line num="29" count="5" type="stmt"/>
        <line num="30" count="5" type="stmt"/>
        <line num="33" count="5" type="stmt"/>
        <line num="34" count="12" type="stmt"/>
        <line num="35" count="12" type="stmt"/>
        <line num="36" count="12" type="stmt"/>
        <line num="39" count="5" type="stmt"/>
        <line num="40" count="8" type="stmt"/>
        <line num="41" count="5" type="cond" truecount="2" falsecount="0"/>
        <line num="42" count="2" type="stmt"/>
        <line num="47" count="5" type="stmt"/>
        <line num="48" count="3" type="stmt"/>
        <line num="49" count="3" type="cond" truecount="2" falsecount="0"/>
        <line num="50" count="2" type="stmt"/>
        <line num="55" count="5" type="stmt"/>
        <line num="56" count="84" type="stmt"/>
        <line num="57" count="84" type="stmt"/>
        <line num="60" count="5" type="stmt"/>
      </file>
      <file name="userModel.js" path="/Users/ana/Documents/MentoriaJL-turma3/ppp/src/models/userModel.js">
        <metrics statements="15" coveredstatements="15" conditionals="2" coveredconditionals="2" methods="9" coveredmethods="9"/>
        <line num="1" count="5" type="stmt"/>
        <line num="3" count="60" type="stmt"/>
        <line num="5" count="24" type="stmt"/>
        <line num="7" count="315" type="stmt"/>
        <line num="9" count="5" type="stmt"/>
        <line num="10" count="160" type="stmt"/>
        <line num="11" count="160" type="stmt"/>
        <line num="14" count="5" type="stmt"/>
        <line num="15" count="8" type="stmt"/>
        <line num="16" count="8" type="cond" truecount="2" falsecount="0"/>
        <line num="17" count="7" type="stmt"/>
        <line num="18" count="7" type="stmt"/>
        <line num="21" count="5" type="stmt"/>
        <line num="22" count="101" type="stmt"/>
        <line num="25" count="5" type="stmt"/>
      </file>
    </package>
    <package name="src.routes">
      <metrics statements="18" coveredstatements="18" conditionals="0" coveredconditionals="0" methods="0" coveredmethods="0"/>
      <file name="recipeRoutes.js" path="/Users/ana/Documents/MentoriaJL-turma3/ppp/src/routes/recipeRoutes.js">
        <metrics statements="10" coveredstatements="10" conditionals="0" coveredconditionals="0" methods="0" coveredmethods="0"/>
        <line num="1" count="4" type="stmt"/>
        <line num="2" count="4" type="stmt"/>
        <line num="3" count="4" type="stmt"/>
        <line num="4" count="4" type="stmt"/>
        <line num="6" count="4" type="stmt"/>
        <line num="7" count="4" type="stmt"/>
        <line num="8" count="4" type="stmt"/>
        <line num="9" count="4" type="stmt"/>
        <line num="10" count="4" type="stmt"/>
        <line num="12" count="4" type="stmt"/>
      </file>
      <file name="userRoutes.js" path="/Users/ana/Documents/MentoriaJL-turma3/ppp/src/routes/userRoutes.js">
        <metrics statements="8" coveredstatements="8" conditionals="0" coveredconditionals="0" methods="0" coveredmethods="0"/>
        <line num="1" count="4" type="stmt"/>
        <line num="2" count="4" type="stmt"/>
        <line num="3" count="4" type="stmt"/>
        <line num="4" count="4" type="stmt"/>
        <line num="6" count="4" type="stmt"/>
        <line num="7" count="4" type="stmt"/>
        <line num="8" count="4" type="stmt"/>
        <line num="10" count="4" type="stmt"/>
      </file>
    </package>
    <package name="src.services">
      <metrics statements="132" coveredstatements="132" conditionals="75" coveredconditionals="75" methods="22" coveredmethods="22"/>
      <file name="recipeService.js" path="/Users/ana/Documents/MentoriaJL-turma3/ppp/src/services/recipeService.js">
        <metrics statements="97" coveredstatements="97" conditionals="65" coveredconditionals="65" methods="19" coveredmethods="19"/>
        <line num="1" count="5" type="stmt"/>
        <line num="2" count="5" type="stmt"/>
        <line num="3" count="5" type="stmt"/>
        <line num="5" count="5" type="stmt"/>
        <line num="6" count="265" type="stmt"/>
        <line num="8" count="5" type="stmt"/>
        <line num="9" count="14" type="stmt"/>
        <line num="10" count="14" type="stmt"/>
        <line num="11" count="14" type="stmt"/>
        <line num="29" count="5" type="stmt"/>
        <line num="30" count="68" type="stmt"/>
        <line num="31" count="68" type="stmt"/>
        <line num="32" count="68" type="stmt"/>
        <line num="33" count="68" type="stmt"/>
        <line num="34" count="68" type="cond" truecount="2" falsecount="0"/>
        <line num="35" count="68" type="cond" truecount="2" falsecount="0"/>
        <line num="36" count="68" type="cond" truecount="2" falsecount="0"/>
        <line num="37" count="68" type="cond" truecount="2" falsecount="0"/>
        <line num="39" count="68" type="stmt"/>
        <line num="40" count="68" type="stmt"/>
        <line num="41" count="27" type="cond" truecount="2" falsecount="0"/>
        <line num="43" count="68" type="cond" truecount="2" falsecount="0"/>
        <line num="44" count="1" type="stmt"/>
        <line num="47" count="67" type="stmt"/>
        <line num="60" count="67" type="stmt"/>
        <line num="63" count="5" type="stmt"/>
        <line num="64" count="4" type="stmt"/>
        <line num="65" count="4" type="cond" truecount="2" falsecount="0"/>
        <line num="66" count="1" type="stmt"/>
        <line num="68" count="3" type="cond" truecount="2" falsecount="0"/>
        <line num="69" count="1" type="stmt"/>
        <line num="71" count="2" type="stmt"/>
        <line num="72" count="2" type="stmt"/>
        <line num="73" count="2" type="stmt"/>
        <line num="76" count="5" type="stmt"/>
        <line num="77" count="13" type="stmt"/>
        <line num="78" count="13" type="cond" truecount="2" falsecount="0"/>
        <line num="79" count="3" type="stmt"/>
        <line num="80" count="6" type="stmt"/>
        <line num="82" count="13" type="cond" truecount="2" falsecount="0"/>
        <line num="83" count="2" type="stmt"/>
        <line num="84" count="2" type="stmt"/>
        <line num="85" count="8" type="stmt"/>
        <line num="88" count="13" type="stmt"/>
        <line num="91" count="5" type="stmt"/>
        <line num="92" count="15" type="stmt"/>
        <line num="94" count="15" type="cond" truecount="2" falsecount="0"/>
        <line num="95" count="1" type="stmt"/>
        <line num="101" count="14" type="cond" truecount="4" falsecount="0"/>
        <line num="102" count="1" type="stmt"/>
        <line num="108" count="13" type="stmt"/>
        <line num="110" count="13" type="cond" truecount="2" falsecount="0"/>
        <line num="111" count="6" type="stmt"/>
        <line num="112" count="6" type="stmt"/>
        <line num="113" count="6" type="stmt"/>
        <line num="114" count="2" type="stmt"/>
        <line num="116" count="6" type="stmt"/>
        <line num="117" count="6" type="stmt"/>
        <line num="118" count="6" type="stmt"/>
        <line num="120" count="7" type="stmt"/>
        <line num="123" count="13" type="stmt"/>
        <line num="125" count="13" type="cond" truecount="2" falsecount="0"/>
        <line num="126" count="3" type="stmt"/>
        <line num="135" count="12" type="stmt"/>
        <line num="136" count="10" type="stmt"/>
        <line num="139" count="5" type="stmt"/>
        <line num="140" count="11" type="stmt"/>
        <line num="141" count="11" type="cond" truecount="2" falsecount="0"/>
        <line num="142" count="1" type="stmt"/>
        <line num="145" count="10" type="cond" truecount="2" falsecount="0"/>
        <line num="146" count="1" type="stmt"/>
        <line num="152" count="9" type="stmt"/>
        <line num="153" count="9" type="cond" truecount="2" falsecount="0"/>
        <line num="154" count="1" type="stmt"/>
        <line num="157" count="8" type="stmt"/>
        <line num="158" count="8" type="stmt"/>
        <line num="161" count="5" type="stmt"/>
        <line num="162" count="8" type="stmt"/>
        <line num="163" count="8" type="cond" truecount="2" falsecount="0"/>
        <line num="164" count="1" type="stmt"/>
        <line num="166" count="7" type="cond" truecount="2" falsecount="0"/>
        <line num="167" count="1" type="stmt"/>
        <line num="170" count="6" type="stmt"/>
        <line num="171" count="6" type="stmt"/>
        <line num="172" count="6" type="stmt"/>
        <line num="173" count="6" type="stmt"/>
        <line num="174" count="6" type="cond" truecount="2" falsecount="0"/>
        <line num="175" count="6" type="cond" truecount="2" falsecount="0"/>
        <line num="176" count="6" type="cond" truecount="2" falsecount="0"/>
        <line num="177" count="6" type="cond" truecount="2" falsecount="0"/>
        <line num="179" count="6" type="stmt"/>
        <line num="183" count="7" type="cond" truecount="3" falsecount="0"/>
        <line num="187" count="6" type="cond" truecount="2" falsecount="0"/>
        <line num="188" count="1" type="stmt"/>
        <line num="191" count="5" type="stmt"/>
        <line num="192" count="5" type="stmt"/>
        <line num="195" count="5" type="stmt"/>
      </file>
      <file name="userService.js" path="/Users/ana/Documents/MentoriaJL-turma3/ppp/src/services/userService.js">
        <metrics statements="35" coveredstatements="35" conditionals="10" coveredconditionals="10" methods="3" coveredmethods="3"/>
        <line num="1" count="4" type="stmt"/>
        <line num="2" count="4" type="stmt"/>
        <line num="3" count="4" type="stmt"/>
        <line num="4" count="4" type="stmt"/>
        <line num="5" count="4" type="stmt"/>
        <line num="7" count="4" type="cond" truecount="2" falsecount="0"/>
        <line num="9" count="4" type="stmt"/>
        <line num="10" count="160" type="stmt"/>
        <line num="11" count="160" type="stmt"/>
        <line num="12" count="160" type="stmt"/>
        <line num="14" count="160" type="stmt"/>
        <line num="15" count="160" type="cond" truecount="2" falsecount="0"/>
        <line num="16" count="1" type="stmt"/>
        <line num="19" count="159" type="stmt"/>
        <line num="20" count="159" type="stmt"/>
        <line num="22" count="159" type="stmt"/>
        <line num="25" count="4" type="stmt"/>
        <line num="26" count="155" type="stmt"/>
        <line num="27" count="155" type="stmt"/>
        <line num="29" count="155" type="stmt"/>
        <line num="30" count="155" type="cond" truecount="2" falsecount="0"/>
        <line num="31" count="2" type="stmt"/>
        <line num="34" count="153" type="stmt"/>
        <line num="35" count="153" type="cond" truecount="2" falsecount="0"/>
        <line num="36" count="1" type="stmt"/>
        <line num="39" count="152" type="stmt"/>
        <line num="40" count="152" type="stmt"/>
        <line num="43" count="4" type="stmt"/>
        <line num="44" count="8" type="stmt"/>
        <line num="45" count="8" type="cond" truecount="2" falsecount="0"/>
        <line num="46" count="1" type="stmt"/>
        <line num="52" count="7" type="stmt"/>
        <line num="53" count="7" type="stmt"/>
        <line num="55" count="7" type="stmt"/>
        <line num="58" count="4" type="stmt"/>
      </file>
    </package>
    <package name="src.validators">
      <metrics statements="86" coveredstatements="86" conditionals="102" coveredconditionals="102" methods="5" coveredmethods="5"/>
      <file name="recipeValidator.js" path="/Users/ana/Documents/MentoriaJL-turma3/ppp/src/validators/recipeValidator.js">
        <metrics statements="54" coveredstatements="54" conditionals="71" coveredconditionals="71" methods="3" coveredmethods="3"/>
        <line num="1" count="5" type="stmt"/>
        <line num="2" count="5" type="stmt"/>
        <line num="3" count="5" type="stmt"/>
        <line num="5" count="5" type="stmt"/>
        <line num="6" count="108" type="stmt"/>
        <line num="7" count="108" type="stmt"/>
        <line num="9" count="108" type="cond" truecount="2" falsecount="0"/>
        <line num="11" count="108" type="cond" truecount="2" falsecount="0"/>
        <line num="12" count="4" type="stmt"/>
        <line num="13" count="104" type="cond" truecount="2" falsecount="0"/>
        <line num="14" count="1" type="stmt"/>
        <line num="15" count="103" type="cond" truecount="2" falsecount="0"/>
        <line num="16" count="1" type="stmt"/>
        <line num="19" count="108" type="cond" truecount="5" falsecount="0"/>
        <line num="20" count="80" type="cond" truecount="2" falsecount="0"/>
        <line num="21" count="1" type="stmt"/>
        <line num="22" count="79" type="cond" truecount="2" falsecount="0"/>
        <line num="23" count="1" type="stmt"/>
        <line num="27" count="108" type="cond" truecount="4" falsecount="0"/>
        <line num="28" count="2" type="stmt"/>
        <line num="30" count="106" type="cond" truecount="4" falsecount="0"/>
        <line num="31" count="2" type="stmt"/>
        <line num="33" count="104" type="stmt"/>
        <line num="34" count="361" type="cond" truecount="2" falsecount="0"/>
        <line num="36" count="104" type="stmt"/>
        <line num="37" count="358" type="cond" truecount="3" falsecount="0"/>
        <line num="39" count="104" type="cond" truecount="2" falsecount="0"/>
        <line num="40" count="3" type="stmt"/>
        <line num="42" count="101" type="stmt"/>
        <line num="43" count="101" type="cond" truecount="2" falsecount="0"/>
        <line num="44" count="1" type="stmt"/>
        <line num="50" count="108" type="cond" truecount="2" falsecount="0"/>
        <line num="51" count="108" type="cond" truecount="2" falsecount="0"/>
        <line num="52" count="1" type="stmt"/>
        <line num="53" count="107" type="cond" truecount="2" falsecount="0"/>
        <line num="54" count="1" type="stmt"/>
        <line num="55" count="106" type="cond" truecount="2" falsecount="0"/>
        <line num="56" count="1" type="stmt"/>
        <line num="59" count="108" type="cond" truecount="2" falsecount="0"/>
        <line num="60" count="2" type="stmt"/>
        <line num="61" count="106" type="cond" truecount="2" falsecount="0"/>
        <line num="62" count="2" type="stmt"/>
        <line num="65" count="108" type="cond" truecount="5" falsecount="0"/>
        <line num="66" count="80" type="cond" truecount="2" falsecount="0"/>
        <line num="67" count="1" type="stmt"/>
        <line num="71" count="108" type="cond" truecount="5" falsecount="0"/>
        <line num="72" count="80" type="cond" truecount="2" falsecount="0"/>
        <line num="73" count="1" type="stmt"/>
        <line num="77" count="108" type="cond" truecount="5" falsecount="0"/>
        <line num="78" count="81" type="cond" truecount="2" falsecount="0"/>
        <line num="79" count="81" type="cond" truecount="4" falsecount="0"/>
        <line num="80" count="1" type="stmt"/>
        <line num="84" count="108" type="stmt"/>
        <line num="87" count="5" type="stmt"/>
      </file>
      <file name="userValidator.js" path="/Users/ana/Documents/MentoriaJL-turma3/ppp/src/validators/userValidator.js">
        <metrics statements="32" coveredstatements="32" conditionals="31" coveredconditionals="31" methods="2" coveredmethods="2"/>
        <line num="1" count="5" type="stmt"/>
        <line num="2" count="172" type="stmt"/>
        <line num="3" count="172" type="stmt"/>
        <line num="5" count="172" type="cond" truecount="2" falsecount="0"/>
        <line num="6" count="172" type="cond" truecount="2" falsecount="0"/>
        <line num="7" count="172" type="cond" truecount="2" falsecount="0"/>
        <line num="9" count="172" type="cond" truecount="5" falsecount="0"/>
        <line num="10" count="5" type="stmt"/>
        <line num="11" count="5" type="stmt"/>
        <line num="14" count="167" type="cond" truecount="2" falsecount="0"/>
        <line num="15" count="1" type="stmt"/>
        <line num="16" count="166" type="cond" truecount="2" falsecount="0"/>
        <line num="17" count="1" type="stmt"/>
        <line num="20" count="167" type="stmt"/>
        <line num="21" count="167" type="cond" truecount="2" falsecount="0"/>
        <line num="22" count="1" type="stmt"/>
        <line num="23" count="166" type="cond" truecount="2" falsecount="0"/>
        <line num="24" count="1" type="stmt"/>
        <line num="27" count="167" type="cond" truecount="2" falsecount="0"/>
        <line num="28" count="1" type="stmt"/>
        <line num="29" count="166" type="cond" truecount="2" falsecount="0"/>
        <line num="30" count="1" type="stmt"/>
        <line num="33" count="167" type="stmt"/>
        <line num="36" count="5" type="stmt"/>
        <line num="37" count="159" type="stmt"/>
        <line num="38" count="159" type="stmt"/>
        <line num="40" count="159" type="cond" truecount="2" falsecount="0"/>
        <line num="41" count="159" type="cond" truecount="2" falsecount="0"/>
        <line num="43" count="159" type="cond" truecount="4" falsecount="0"/>
        <line num="44" count="3" type="stmt"/>
        <line num="47" count="159" type="stmt"/>
        <line num="50" count="5" type="stmt"/>
      </file>
    </package>
  </project>
</coverage>
