{"/Users/ana/Documents/MentoriaJL-turma3/ppp/src/app.js": {"path":"/Users/ana/Documents/MentoriaJL-turma3/ppp/src/app.js","statementMap":{"0":{"start":{"line":1,"column":16},"end":{"line":1,"column":34}},"1":{"start":{"line":2,"column":18},"end":{"line":2,"column":47}},"2":{"start":{"line":3,"column":13},"end":{"line":3,"column":30}},"3":{"start":{"line":4,"column":13},"end":{"line":4,"column":28}},"4":{"start":{"line":6,"column":19},"end":{"line":6,"column":49}},"5":{"start":{"line":7,"column":21},"end":{"line":7,"column":53}},"6":{"start":{"line":9,"column":12},"end":{"line":9,"column":21}},"7":{"start":{"line":10,"column":0},"end":{"line":10,"column":24}},"8":{"start":{"line":12,"column":19},"end":{"line":12,"column":74}},"9":{"start":{"line":13,"column":0},"end":{"line":13,"column":63}},"10":{"start":{"line":15,"column":0},"end":{"line":15,"column":25}},"11":{"start":{"line":16,"column":0},"end":{"line":16,"column":27}},"12":{"start":{"line":18,"column":0},"end":{"line":18,"column":21}}},"fnMap":{},"branchMap":{},"s":{"0":4,"1":4,"2":4,"3":4,"4":4,"5":4,"6":4,"7":4,"8":4,"9":4,"10":4,"11":4,"12":4},"f":{},"b":{},"_coverageSchema":"1a1c01bbd47fc00a2c39e90264f33305004495a9","hash":"23035ceb496486585282070caa87660fa7f93302"}
,"/Users/ana/Documents/MentoriaJL-turma3/ppp/src/controllers/recipeController.js": {"path":"/Users/ana/Documents/MentoriaJL-turma3/ppp/src/controllers/recipeController.js","statementMap":{"0":{"start":{"line":1,"column":22},"end":{"line":1,"column":58}},"1":{"start":{"line":2,"column":27},"end":{"line":2,"column":67}},"2":{"start":{"line":4,"column":15},"end":{"line":15,"column":1}},"3":{"start":{"line":5,"column":17},"end":{"line":5,"column":41}},"4":{"start":{"line":6,"column":2},"end":{"line":8,"column":3}},"5":{"start":{"line":7,"column":4},"end":{"line":7,"column":44}},"6":{"start":{"line":10,"column":17},"end":{"line":10,"column":59}},"7":{"start":{"line":11,"column":2},"end":{"line":13,"column":3}},"8":{"start":{"line":12,"column":4},"end":{"line":12,"column":69}},"9":{"start":{"line":14,"column":2},"end":{"line":14,"column":53}},"10":{"start":{"line":17,"column":15},"end":{"line":23,"column":1}},"11":{"start":{"line":18,"column":17},"end":{"line":18,"column":64}},"12":{"start":{"line":19,"column":2},"end":{"line":21,"column":3}},"13":{"start":{"line":20,"column":4},"end":{"line":20,"column":69}},"14":{"start":{"line":22,"column":2},"end":{"line":22,"column":53}},"15":{"start":{"line":25,"column":13},"end":{"line":31,"column":1}},"16":{"start":{"line":26,"column":17},"end":{"line":26,"column":58}},"17":{"start":{"line":27,"column":2},"end":{"line":29,"column":3}},"18":{"start":{"line":28,"column":4},"end":{"line":28,"column":69}},"19":{"start":{"line":30,"column":2},"end":{"line":30,"column":53}},"20":{"start":{"line":33,"column":17},"end":{"line":39,"column":1}},"21":{"start":{"line":34,"column":17},"end":{"line":34,"column":66}},"22":{"start":{"line":35,"column":2},"end":{"line":37,"column":3}},"23":{"start":{"line":36,"column":4},"end":{"line":36,"column":69}},"24":{"start":{"line":38,"column":2},"end":{"line":38,"column":53}},"25":{"start":{"line":41,"column":15},"end":{"line":51,"column":1}},"26":{"start":{"line":42,"column":17},"end":{"line":42,"column":41}},"27":{"start":{"line":43,"column":2},"end":{"line":45,"column":3}},"28":{"start":{"line":44,"column":4},"end":{"line":44,"column":44}},"29":{"start":{"line":46,"column":17},"end":{"line":46,"column":74}},"30":{"start":{"line":47,"column":2},"end":{"line":49,"column":3}},"31":{"start":{"line":48,"column":4},"end":{"line":48,"column":69}},"32":{"start":{"line":50,"column":2},"end":{"line":50,"column":53}},"33":{"start":{"line":53,"column":0},"end":{"line":53,"column":60}}},"fnMap":{"0":{"name":"(anonymous_0)","decl":{"start":{"line":4,"column":15},"end":{"line":4,"column":16}},"loc":{"start":{"line":4,"column":29},"end":{"line":15,"column":1}},"line":4},"1":{"name":"(anonymous_1)","decl":{"start":{"line":17,"column":15},"end":{"line":17,"column":16}},"loc":{"start":{"line":17,"column":29},"end":{"line":23,"column":1}},"line":17},"2":{"name":"(anonymous_2)","decl":{"start":{"line":25,"column":13},"end":{"line":25,"column":14}},"loc":{"start":{"line":25,"column":27},"end":{"line":31,"column":1}},"line":25},"3":{"name":"(anonymous_3)","decl":{"start":{"line":33,"column":17},"end":{"line":33,"column":18}},"loc":{"start":{"line":33,"column":31},"end":{"line":39,"column":1}},"line":33},"4":{"name":"(anonymous_4)","decl":{"start":{"line":41,"column":15},"end":{"line":41,"column":16}},"loc":{"start":{"line":41,"column":29},"end":{"line":51,"column":1}},"line":41}},"branchMap":{"0":{"loc":{"start":{"line":6,"column":2},"end":{"line":8,"column":3}},"type":"if","locations":[{"start":{"line":6,"column":2},"end":{"line":8,"column":3}},{"start":{},"end":{}}],"line":6},"1":{"loc":{"start":{"line":11,"column":2},"end":{"line":13,"column":3}},"type":"if","locations":[{"start":{"line":11,"column":2},"end":{"line":13,"column":3}},{"start":{},"end":{}}],"line":11},"2":{"loc":{"start":{"line":19,"column":2},"end":{"line":21,"column":3}},"type":"if","locations":[{"start":{"line":19,"column":2},"end":{"line":21,"column":3}},{"start":{},"end":{}}],"line":19},"3":{"loc":{"start":{"line":27,"column":2},"end":{"line":29,"column":3}},"type":"if","locations":[{"start":{"line":27,"column":2},"end":{"line":29,"column":3}},{"start":{},"end":{}}],"line":27},"4":{"loc":{"start":{"line":35,"column":2},"end":{"line":37,"column":3}},"type":"if","locations":[{"start":{"line":35,"column":2},"end":{"line":37,"column":3}},{"start":{},"end":{}}],"line":35},"5":{"loc":{"start":{"line":43,"column":2},"end":{"line":45,"column":3}},"type":"if","locations":[{"start":{"line":43,"column":2},"end":{"line":45,"column":3}},{"start":{},"end":{}}],"line":43},"6":{"loc":{"start":{"line":47,"column":2},"end":{"line":49,"column":3}},"type":"if","locations":[{"start":{"line":47,"column":2},"end":{"line":49,"column":3}},{"start":{},"end":{}}],"line":47}},"s":{"0":4,"1":4,"2":4,"3":89,"4":89,"5":21,"6":68,"7":68,"8":1,"9":67,"10":4,"11":4,"12":4,"13":2,"14":2,"15":4,"16":15,"17":15,"18":2,"19":13,"20":4,"21":11,"22":11,"23":3,"24":8,"25":4,"26":10,"27":10,"28":2,"29":8,"30":8,"31":3,"32":5,"33":4},"f":{"0":89,"1":4,"2":15,"3":11,"4":10},"b":{"0":[21,68],"1":[1,67],"2":[2,2],"3":[2,13],"4":[3,8],"5":[2,8],"6":[3,5]},"_coverageSchema":"1a1c01bbd47fc00a2c39e90264f33305004495a9","hash":"e7192df029d11de54a10d281dd6a657dabba39f4"}
,"/Users/ana/Documents/MentoriaJL-turma3/ppp/src/controllers/userController.js": {"path":"/Users/ana/Documents/MentoriaJL-turma3/ppp/src/controllers/userController.js","statementMap":{"0":{"start":{"line":1,"column":20},"end":{"line":1,"column":54}},"1":{"start":{"line":2,"column":44},"end":{"line":2,"column":82}},"2":{"start":{"line":4,"column":17},"end":{"line":15,"column":1}},"3":{"start":{"line":5,"column":17},"end":{"line":5,"column":43}},"4":{"start":{"line":6,"column":2},"end":{"line":8,"column":3}},"5":{"start":{"line":7,"column":4},"end":{"line":7,"column":44}},"6":{"start":{"line":10,"column":17},"end":{"line":10,"column":53}},"7":{"start":{"line":11,"column":2},"end":{"line":13,"column":3}},"8":{"start":{"line":12,"column":4},"end":{"line":12,"column":69}},"9":{"start":{"line":14,"column":2},"end":{"line":14,"column":53}},"10":{"start":{"line":17,"column":14},"end":{"line":28,"column":1}},"11":{"start":{"line":18,"column":17},"end":{"line":18,"column":40}},"12":{"start":{"line":19,"column":2},"end":{"line":21,"column":3}},"13":{"start":{"line":20,"column":4},"end":{"line":20,"column":44}},"14":{"start":{"line":23,"column":17},"end":{"line":23,"column":50}},"15":{"start":{"line":24,"column":2},"end":{"line":26,"column":3}},"16":{"start":{"line":25,"column":4},"end":{"line":25,"column":69}},"17":{"start":{"line":27,"column":2},"end":{"line":27,"column":53}},"18":{"start":{"line":30,"column":22},"end":{"line":36,"column":1}},"19":{"start":{"line":31,"column":17},"end":{"line":31,"column":54}},"20":{"start":{"line":32,"column":2},"end":{"line":34,"column":3}},"21":{"start":{"line":33,"column":4},"end":{"line":33,"column":69}},"22":{"start":{"line":35,"column":2},"end":{"line":35,"column":53}},"23":{"start":{"line":38,"column":0},"end":{"line":38,"column":52}}},"fnMap":{"0":{"name":"(anonymous_0)","decl":{"start":{"line":4,"column":17},"end":{"line":4,"column":18}},"loc":{"start":{"line":4,"column":37},"end":{"line":15,"column":1}},"line":4},"1":{"name":"(anonymous_1)","decl":{"start":{"line":17,"column":14},"end":{"line":17,"column":15}},"loc":{"start":{"line":17,"column":34},"end":{"line":28,"column":1}},"line":17},"2":{"name":"(anonymous_2)","decl":{"start":{"line":30,"column":22},"end":{"line":30,"column":23}},"loc":{"start":{"line":30,"column":36},"end":{"line":36,"column":1}},"line":30}},"branchMap":{"0":{"loc":{"start":{"line":6,"column":2},"end":{"line":8,"column":3}},"type":"if","locations":[{"start":{"line":6,"column":2},"end":{"line":8,"column":3}},{"start":{},"end":{}}],"line":6},"1":{"loc":{"start":{"line":11,"column":2},"end":{"line":13,"column":3}},"type":"if","locations":[{"start":{"line":11,"column":2},"end":{"line":13,"column":3}},{"start":{},"end":{}}],"line":11},"2":{"loc":{"start":{"line":19,"column":2},"end":{"line":21,"column":3}},"type":"if","locations":[{"start":{"line":19,"column":2},"end":{"line":21,"column":3}},{"start":{},"end":{}}],"line":19},"3":{"loc":{"start":{"line":24,"column":2},"end":{"line":26,"column":3}},"type":"if","locations":[{"start":{"line":24,"column":2},"end":{"line":26,"column":3}},{"start":{},"end":{}}],"line":24},"4":{"loc":{"start":{"line":32,"column":2},"end":{"line":34,"column":3}},"type":"if","locations":[{"start":{"line":32,"column":2},"end":{"line":34,"column":3}},{"start":{},"end":{}}],"line":32}},"s":{"0":4,"1":4,"2":4,"3":169,"4":169,"5":9,"6":160,"7":160,"8":1,"9":159,"10":4,"11":157,"12":157,"13":2,"14":155,"15":155,"16":3,"17":152,"18":4,"19":8,"20":8,"21":1,"22":7,"23":4},"f":{"0":169,"1":157,"2":8},"b":{"0":[9,160],"1":[1,159],"2":[2,155],"3":[3,152],"4":[1,7]},"_coverageSchema":"1a1c01bbd47fc00a2c39e90264f33305004495a9","hash":"828b6cebecbea299596a53a2a9466b7945e1dbc6"}
,"/Users/ana/Documents/MentoriaJL-turma3/ppp/src/middlewares/auth.js": {"path":"/Users/ana/Documents/MentoriaJL-turma3/ppp/src/middlewares/auth.js","statementMap":{"0":{"start":{"line":1,"column":12},"end":{"line":1,"column":35}},"1":{"start":{"line":2,"column":23},"end":{"line":2,"column":57}},"2":{"start":{"line":4,"column":21},"end":{"line":18,"column":1}},"3":{"start":{"line":5,"column":21},"end":{"line":5,"column":46}},"4":{"start":{"line":6,"column":2},"end":{"line":8,"column":3}},"5":{"start":{"line":7,"column":4},"end":{"line":7,"column":98}},"6":{"start":{"line":10,"column":16},"end":{"line":10,"column":40}},"7":{"start":{"line":11,"column":2},"end":{"line":17,"column":3}},"8":{"start":{"line":12,"column":20},"end":{"line":12,"column":49}},"9":{"start":{"line":13,"column":4},"end":{"line":13,"column":28}},"10":{"start":{"line":14,"column":4},"end":{"line":14,"column":11}},"11":{"start":{"line":16,"column":4},"end":{"line":16,"column":105}},"12":{"start":{"line":20,"column":0},"end":{"line":20,"column":34}}},"fnMap":{"0":{"name":"(anonymous_0)","decl":{"start":{"line":4,"column":21},"end":{"line":4,"column":22}},"loc":{"start":{"line":4,"column":41},"end":{"line":18,"column":1}},"line":4}},"branchMap":{"0":{"loc":{"start":{"line":6,"column":2},"end":{"line":8,"column":3}},"type":"if","locations":[{"start":{"line":6,"column":2},"end":{"line":8,"column":3}},{"start":{},"end":{}}],"line":6},"1":{"loc":{"start":{"line":6,"column":6},"end":{"line":6,"column":54}},"type":"binary-expr","locations":[{"start":{"line":6,"column":6},"end":{"line":6,"column":17}},{"start":{"line":6,"column":21},"end":{"line":6,"column":54}}],"line":6}},"s":{"0":4,"1":4,"2":4,"3":142,"4":142,"5":4,"6":138,"7":138,"8":138,"9":137,"10":137,"11":1,"12":4},"f":{"0":142},"b":{"0":[4,138],"1":[142,139]},"_coverageSchema":"1a1c01bbd47fc00a2c39e90264f33305004495a9","hash":"2a4e1fb0b084b3d147d5e68abd311c1941e3b49e"}
,"/Users/ana/Documents/MentoriaJL-turma3/ppp/src/models/recipeModel.js": {"path":"/Users/ana/Documents/MentoriaJL-turma3/ppp/src/models/recipeModel.js","statementMap":{"0":{"start":{"line":1,"column":16},"end":{"line":1,"column":18}},"1":{"start":{"line":2,"column":18},"end":{"line":2,"column":20}},"2":{"start":{"line":4,"column":16},"end":{"line":4,"column":29}},"3":{"start":{"line":4,"column":22},"end":{"line":4,"column":29}},"4":{"start":{"line":6,"column":17},"end":{"line":6,"column":57}},"5":{"start":{"line":6,"column":25},"end":{"line":6,"column":57}},"6":{"start":{"line":6,"column":45},"end":{"line":6,"column":56}},"7":{"start":{"line":8,"column":15},"end":{"line":11,"column":1}},"8":{"start":{"line":9,"column":2},"end":{"line":9,"column":23}},"9":{"start":{"line":10,"column":2},"end":{"line":10,"column":16}},"10":{"start":{"line":13,"column":15},"end":{"line":18,"column":1}},"11":{"start":{"line":14,"column":16},"end":{"line":14,"column":53}},"12":{"start":{"line":14,"column":41},"end":{"line":14,"column":52}},"13":{"start":{"line":15,"column":2},"end":{"line":15,"column":33}},"14":{"start":{"line":15,"column":20},"end":{"line":15,"column":33}},"15":{"start":{"line":16,"column":2},"end":{"line":16,"column":27}},"16":{"start":{"line":17,"column":2},"end":{"line":17,"column":14}},"17":{"start":{"line":20,"column":28},"end":{"line":21,"column":46}},"18":{"start":{"line":21,"column":2},"end":{"line":21,"column":46}},"19":{"start":{"line":21,"column":26},"end":{"line":21,"column":45}},"20":{"start":{"line":23,"column":21},"end":{"line":24,"column":71}},"21":{"start":{"line":24,"column":2},"end":{"line":24,"column":71}},"22":{"start":{"line":24,"column":24},"end":{"line":24,"column":70}},"23":{"start":{"line":26,"column":15},"end":{"line":31,"column":1}},"24":{"start":{"line":27,"column":17},"end":{"line":27,"column":49}},"25":{"start":{"line":27,"column":37},"end":{"line":27,"column":48}},"26":{"start":{"line":28,"column":2},"end":{"line":28,"column":27}},"27":{"start":{"line":28,"column":15},"end":{"line":28,"column":27}},"28":{"start":{"line":29,"column":2},"end":{"line":29,"column":30}},"29":{"start":{"line":30,"column":2},"end":{"line":30,"column":16}},"30":{"start":{"line":33,"column":20},"end":{"line":37,"column":1}},"31":{"start":{"line":34,"column":14},"end":{"line":34,"column":34}},"32":{"start":{"line":35,"column":2},"end":{"line":35,"column":22}},"33":{"start":{"line":36,"column":2},"end":{"line":36,"column":13}},"34":{"start":{"line":39,"column":30},"end":{"line":45,"column":1}},"35":{"start":{"line":40,"column":2},"end":{"line":44,"column":3}},"36":{"start":{"line":40,"column":15},"end":{"line":40,"column":35}},"37":{"start":{"line":41,"column":4},"end":{"line":43,"column":5}},"38":{"start":{"line":42,"column":6},"end":{"line":42,"column":29}},"39":{"start":{"line":47,"column":33},"end":{"line":53,"column":1}},"40":{"start":{"line":48,"column":2},"end":{"line":52,"column":3}},"41":{"start":{"line":48,"column":15},"end":{"line":48,"column":35}},"42":{"start":{"line":49,"column":4},"end":{"line":51,"column":5}},"43":{"start":{"line":50,"column":6},"end":{"line":50,"column":29}},"44":{"start":{"line":55,"column":14},"end":{"line":58,"column":1}},"45":{"start":{"line":56,"column":2},"end":{"line":56,"column":21}},"46":{"start":{"line":57,"column":2},"end":{"line":57,"column":23}},"47":{"start":{"line":60,"column":0},"end":{"line":72,"column":2}}},"fnMap":{"0":{"name":"(anonymous_0)","decl":{"start":{"line":4,"column":16},"end":{"line":4,"column":17}},"loc":{"start":{"line":4,"column":22},"end":{"line":4,"column":29}},"line":4},"1":{"name":"(anonymous_1)","decl":{"start":{"line":6,"column":17},"end":{"line":6,"column":18}},"loc":{"start":{"line":6,"column":25},"end":{"line":6,"column":57}},"line":6},"2":{"name":"(anonymous_2)","decl":{"start":{"line":6,"column":38},"end":{"line":6,"column":39}},"loc":{"start":{"line":6,"column":45},"end":{"line":6,"column":56}},"line":6},"3":{"name":"(anonymous_3)","decl":{"start":{"line":8,"column":15},"end":{"line":8,"column":16}},"loc":{"start":{"line":8,"column":27},"end":{"line":11,"column":1}},"line":8},"4":{"name":"(anonymous_4)","decl":{"start":{"line":13,"column":15},"end":{"line":13,"column":16}},"loc":{"start":{"line":13,"column":23},"end":{"line":18,"column":1}},"line":13},"5":{"name":"(anonymous_5)","decl":{"start":{"line":14,"column":34},"end":{"line":14,"column":35}},"loc":{"start":{"line":14,"column":41},"end":{"line":14,"column":52}},"line":14},"6":{"name":"(anonymous_6)","decl":{"start":{"line":20,"column":28},"end":{"line":20,"column":29}},"loc":{"start":{"line":21,"column":2},"end":{"line":21,"column":46}},"line":21},"7":{"name":"(anonymous_7)","decl":{"start":{"line":21,"column":19},"end":{"line":21,"column":20}},"loc":{"start":{"line":21,"column":26},"end":{"line":21,"column":45}},"line":21},"8":{"name":"(anonymous_8)","decl":{"start":{"line":23,"column":21},"end":{"line":23,"column":22}},"loc":{"start":{"line":24,"column":2},"end":{"line":24,"column":71}},"line":24},"9":{"name":"(anonymous_9)","decl":{"start":{"line":24,"column":17},"end":{"line":24,"column":18}},"loc":{"start":{"line":24,"column":24},"end":{"line":24,"column":70}},"line":24},"10":{"name":"(anonymous_10)","decl":{"start":{"line":26,"column":15},"end":{"line":26,"column":16}},"loc":{"start":{"line":26,"column":29},"end":{"line":31,"column":1}},"line":26},"11":{"name":"(anonymous_11)","decl":{"start":{"line":27,"column":30},"end":{"line":27,"column":31}},"loc":{"start":{"line":27,"column":37},"end":{"line":27,"column":48}},"line":27},"12":{"name":"(anonymous_12)","decl":{"start":{"line":33,"column":20},"end":{"line":33,"column":21}},"loc":{"start":{"line":33,"column":42},"end":{"line":37,"column":1}},"line":33},"13":{"name":"(anonymous_13)","decl":{"start":{"line":39,"column":30},"end":{"line":39,"column":31}},"loc":{"start":{"line":39,"column":42},"end":{"line":45,"column":1}},"line":39},"14":{"name":"(anonymous_14)","decl":{"start":{"line":47,"column":33},"end":{"line":47,"column":34}},"loc":{"start":{"line":47,"column":47},"end":{"line":53,"column":1}},"line":47},"15":{"name":"(anonymous_15)","decl":{"start":{"line":55,"column":14},"end":{"line":55,"column":15}},"loc":{"start":{"line":55,"column":20},"end":{"line":58,"column":1}},"line":55}},"branchMap":{"0":{"loc":{"start":{"line":15,"column":2},"end":{"line":15,"column":33}},"type":"if","locations":[{"start":{"line":15,"column":2},"end":{"line":15,"column":33}},{"start":{},"end":{}}],"line":15},"1":{"loc":{"start":{"line":24,"column":24},"end":{"line":24,"column":70}},"type":"binary-expr","locations":[{"start":{"line":24,"column":24},"end":{"line":24,"column":43}},{"start":{"line":24,"column":47},"end":{"line":24,"column":70}}],"line":24},"2":{"loc":{"start":{"line":28,"column":2},"end":{"line":28,"column":27}},"type":"if","locations":[{"start":{"line":28,"column":2},"end":{"line":28,"column":27}},{"start":{},"end":{}}],"line":28},"3":{"loc":{"start":{"line":41,"column":4},"end":{"line":43,"column":5}},"type":"if","locations":[{"start":{"line":41,"column":4},"end":{"line":43,"column":5}},{"start":{},"end":{}}],"line":41},"4":{"loc":{"start":{"line":49,"column":4},"end":{"line":51,"column":5}},"type":"if","locations":[{"start":{"line":49,"column":4},"end":{"line":51,"column":5}},{"start":{},"end":{}}],"line":49}},"s":{"0":5,"1":5,"2":5,"3":116,"4":5,"5":28,"6":28,"7":5,"8":69,"9":69,"10":5,"11":3,"12":2,"13":3,"14":1,"15":2,"16":2,"17":5,"18":7,"19":2,"20":5,"21":29,"22":10,"23":5,"24":6,"25":5,"26":6,"27":1,"28":5,"29":5,"30":5,"31":12,"32":12,"33":12,"34":5,"35":8,"36":8,"37":5,"38":2,"39":5,"40":3,"41":3,"42":3,"43":2,"44":5,"45":84,"46":84,"47":5},"f":{"0":116,"1":28,"2":28,"3":69,"4":3,"5":2,"6":7,"7":2,"8":29,"9":10,"10":6,"11":5,"12":12,"13":8,"14":3,"15":84},"b":{"0":[1,2],"1":[10,9],"2":[1,5],"3":[2,3],"4":[2,1]},"_coverageSchema":"1a1c01bbd47fc00a2c39e90264f33305004495a9","hash":"138235081b4bcf55c07ffe6dd87ddacf07fb2042"}
,"/Users/ana/Documents/MentoriaJL-turma3/ppp/src/models/userModel.js": {"path":"/Users/ana/Documents/MentoriaJL-turma3/ppp/src/models/userModel.js","statementMap":{"0":{"start":{"line":1,"column":14},"end":{"line":1,"column":16}},"1":{"start":{"line":3,"column":16},"end":{"line":3,"column":27}},"2":{"start":{"line":3,"column":22},"end":{"line":3,"column":27}},"3":{"start":{"line":5,"column":17},"end":{"line":5,"column":55}},"4":{"start":{"line":5,"column":25},"end":{"line":5,"column":55}},"5":{"start":{"line":5,"column":43},"end":{"line":5,"column":54}},"6":{"start":{"line":7,"column":20},"end":{"line":7,"column":67}},"7":{"start":{"line":7,"column":31},"end":{"line":7,"column":67}},"8":{"start":{"line":7,"column":49},"end":{"line":7,"column":66}},"9":{"start":{"line":9,"column":15},"end":{"line":12,"column":1}},"10":{"start":{"line":10,"column":2},"end":{"line":10,"column":19}},"11":{"start":{"line":11,"column":2},"end":{"line":11,"column":14}},"12":{"start":{"line":14,"column":15},"end":{"line":19,"column":1}},"13":{"start":{"line":15,"column":16},"end":{"line":15,"column":51}},"14":{"start":{"line":15,"column":39},"end":{"line":15,"column":50}},"15":{"start":{"line":16,"column":2},"end":{"line":16,"column":33}},"16":{"start":{"line":16,"column":20},"end":{"line":16,"column":33}},"17":{"start":{"line":17,"column":2},"end":{"line":17,"column":25}},"18":{"start":{"line":18,"column":2},"end":{"line":18,"column":14}},"19":{"start":{"line":21,"column":14},"end":{"line":23,"column":1}},"20":{"start":{"line":22,"column":2},"end":{"line":22,"column":19}},"21":{"start":{"line":25,"column":0},"end":{"line":25,"column":75}}},"fnMap":{"0":{"name":"(anonymous_0)","decl":{"start":{"line":3,"column":16},"end":{"line":3,"column":17}},"loc":{"start":{"line":3,"column":22},"end":{"line":3,"column":27}},"line":3},"1":{"name":"(anonymous_1)","decl":{"start":{"line":5,"column":17},"end":{"line":5,"column":18}},"loc":{"start":{"line":5,"column":25},"end":{"line":5,"column":55}},"line":5},"2":{"name":"(anonymous_2)","decl":{"start":{"line":5,"column":36},"end":{"line":5,"column":37}},"loc":{"start":{"line":5,"column":43},"end":{"line":5,"column":54}},"line":5},"3":{"name":"(anonymous_3)","decl":{"start":{"line":7,"column":20},"end":{"line":7,"column":21}},"loc":{"start":{"line":7,"column":31},"end":{"line":7,"column":67}},"line":7},"4":{"name":"(anonymous_4)","decl":{"start":{"line":7,"column":42},"end":{"line":7,"column":43}},"loc":{"start":{"line":7,"column":49},"end":{"line":7,"column":66}},"line":7},"5":{"name":"(anonymous_5)","decl":{"start":{"line":9,"column":15},"end":{"line":9,"column":16}},"loc":{"start":{"line":9,"column":25},"end":{"line":12,"column":1}},"line":9},"6":{"name":"(anonymous_6)","decl":{"start":{"line":14,"column":15},"end":{"line":14,"column":16}},"loc":{"start":{"line":14,"column":23},"end":{"line":19,"column":1}},"line":14},"7":{"name":"(anonymous_7)","decl":{"start":{"line":15,"column":32},"end":{"line":15,"column":33}},"loc":{"start":{"line":15,"column":39},"end":{"line":15,"column":50}},"line":15},"8":{"name":"(anonymous_8)","decl":{"start":{"line":21,"column":14},"end":{"line":21,"column":15}},"loc":{"start":{"line":21,"column":20},"end":{"line":23,"column":1}},"line":21}},"branchMap":{"0":{"loc":{"start":{"line":16,"column":2},"end":{"line":16,"column":33}},"type":"if","locations":[{"start":{"line":16,"column":2},"end":{"line":16,"column":33}},{"start":{},"end":{}}],"line":16}},"s":{"0":5,"1":5,"2":60,"3":5,"4":22,"5":24,"6":5,"7":315,"8":306,"9":5,"10":160,"11":160,"12":5,"13":8,"14":8,"15":8,"16":1,"17":7,"18":7,"19":5,"20":101,"21":5},"f":{"0":60,"1":22,"2":24,"3":315,"4":306,"5":160,"6":8,"7":8,"8":101},"b":{"0":[1,7]},"_coverageSchema":"1a1c01bbd47fc00a2c39e90264f33305004495a9","hash":"c11a67731dbdd1c0fa3ffa0eb4d2a8db5bf29099"}
,"/Users/ana/Documents/MentoriaJL-turma3/ppp/src/routes/recipeRoutes.js": {"path":"/Users/ana/Documents/MentoriaJL-turma3/ppp/src/routes/recipeRoutes.js","statementMap":{"0":{"start":{"line":1,"column":16},"end":{"line":1,"column":34}},"1":{"start":{"line":2,"column":15},"end":{"line":2,"column":31}},"2":{"start":{"line":3,"column":25},"end":{"line":3,"column":67}},"3":{"start":{"line":4,"column":25},"end":{"line":4,"column":55}},"4":{"start":{"line":6,"column":0},"end":{"line":6,"column":60}},"5":{"start":{"line":7,"column":0},"end":{"line":7,"column":63}},"6":{"start":{"line":8,"column":0},"end":{"line":8,"column":66}},"7":{"start":{"line":9,"column":0},"end":{"line":9,"column":69}},"8":{"start":{"line":10,"column":0},"end":{"line":10,"column":78}},"9":{"start":{"line":12,"column":0},"end":{"line":12,"column":24}}},"fnMap":{},"branchMap":{},"s":{"0":4,"1":4,"2":4,"3":4,"4":4,"5":4,"6":4,"7":4,"8":4,"9":4},"f":{},"b":{},"_coverageSchema":"1a1c01bbd47fc00a2c39e90264f33305004495a9","hash":"a2c21675feb47a536722ee7b6160882baf6dd955"}
,"/Users/ana/Documents/MentoriaJL-turma3/ppp/src/routes/userRoutes.js": {"path":"/Users/ana/Documents/MentoriaJL-turma3/ppp/src/routes/userRoutes.js","statementMap":{"0":{"start":{"line":1,"column":16},"end":{"line":1,"column":34}},"1":{"start":{"line":2,"column":15},"end":{"line":2,"column":31}},"2":{"start":{"line":3,"column":23},"end":{"line":3,"column":63}},"3":{"start":{"line":4,"column":25},"end":{"line":4,"column":55}},"4":{"start":{"line":6,"column":0},"end":{"line":6,"column":47}},"5":{"start":{"line":7,"column":0},"end":{"line":7,"column":44}},"6":{"start":{"line":8,"column":0},"end":{"line":8,"column":71}},"7":{"start":{"line":10,"column":0},"end":{"line":10,"column":24}}},"fnMap":{},"branchMap":{},"s":{"0":4,"1":4,"2":4,"3":4,"4":4,"5":4,"6":4,"7":4},"f":{},"b":{},"_coverageSchema":"1a1c01bbd47fc00a2c39e90264f33305004495a9","hash":"d80c6467ee24f5ae77bb8e6c9f1984a1fa88f94b"}
,"/Users/ana/Documents/MentoriaJL-turma3/ppp/src/services/recipeService.js": {"path":"/Users/ana/Documents/MentoriaJL-turma3/ppp/src/services/recipeService.js","statementMap":{"0":{"start":{"line":1,"column":23},"end":{"line":1,"column":38}},"1":{"start":{"line":2,"column":20},"end":{"line":2,"column":52}},"2":{"start":{"line":3,"column":18},"end":{"line":3,"column":48}},"3":{"start":{"line":5,"column":29},"end":{"line":6,"column":49}},"4":{"start":{"line":6,"column":2},"end":{"line":6,"column":49}},"5":{"start":{"line":6,"column":26},"end":{"line":6,"column":48}},"6":{"start":{"line":8,"column":28},"end":{"line":27,"column":1}},"7":{"start":{"line":9,"column":17},"end":{"line":9,"column":51}},"8":{"start":{"line":10,"column":14},"end":{"line":10,"column":57}},"9":{"start":{"line":11,"column":2},"end":{"line":26,"column":4}},"10":{"start":{"line":29,"column":15},"end":{"line":61,"column":1}},"11":{"start":{"line":30,"column":15},"end":{"line":30,"column":31}},"12":{"start":{"line":31,"column":23},"end":{"line":31,"column":62}},"13":{"start":{"line":32,"column":22},"end":{"line":32,"column":45}},"14":{"start":{"line":33,"column":27},"end":{"line":33,"column":48}},"15":{"start":{"line":34,"column":15},"end":{"line":34,"column":50}},"16":{"start":{"line":35,"column":20},"end":{"line":35,"column":42}},"17":{"start":{"line":36,"column":23},"end":{"line":36,"column":48}},"18":{"start":{"line":37,"column":16},"end":{"line":37,"column":53}},"19":{"start":{"line":39,"column":21},"end":{"line":39,"column":42}},"20":{"start":{"line":40,"column":17},"end":{"line":42,"column":3}},"21":{"start":{"line":41,"column":11},"end":{"line":41,"column":78}},"22":{"start":{"line":43,"column":2},"end":{"line":45,"column":3}},"23":{"start":{"line":44,"column":4},"end":{"line":44,"column":90}},"24":{"start":{"line":47,"column":17},"end":{"line":58,"column":4}},"25":{"start":{"line":60,"column":2},"end":{"line":60,"column":80}},"26":{"start":{"line":63,"column":15},"end":{"line":74,"column":1}},"27":{"start":{"line":64,"column":17},"end":{"line":64,"column":47}},"28":{"start":{"line":65,"column":2},"end":{"line":67,"column":3}},"29":{"start":{"line":66,"column":4},"end":{"line":66,"column":90}},"30":{"start":{"line":68,"column":2},"end":{"line":70,"column":3}},"31":{"start":{"line":69,"column":4},"end":{"line":69,"column":85}},"32":{"start":{"line":71,"column":2},"end":{"line":71,"column":49}},"33":{"start":{"line":72,"column":2},"end":{"line":72,"column":31}},"34":{"start":{"line":73,"column":2},"end":{"line":73,"column":77}},"35":{"start":{"line":76,"column":21},"end":{"line":89,"column":1}},"36":{"start":{"line":77,"column":15},"end":{"line":77,"column":22}},"37":{"start":{"line":78,"column":2},"end":{"line":81,"column":3}},"38":{"start":{"line":79,"column":22},"end":{"line":79,"column":40}},"39":{"start":{"line":80,"column":4},"end":{"line":80,"column":76}},"40":{"start":{"line":80,"column":34},"end":{"line":80,"column":74}},"41":{"start":{"line":82,"column":2},"end":{"line":87,"column":3}},"42":{"start":{"line":83,"column":21},"end":{"line":83,"column":46}},"43":{"start":{"line":84,"column":4},"end":{"line":86,"column":6}},"44":{"start":{"line":85,"column":6},"end":{"line":85,"column":68}},"45":{"start":{"line":85,"column":33},"end":{"line":85,"column":67}},"46":{"start":{"line":88,"column":2},"end":{"line":88,"column":16}},"47":{"start":{"line":91,"column":13},"end":{"line":137,"column":1}},"48":{"start":{"line":92,"column":39},"end":{"line":92,"column":44}},"49":{"start":{"line":94,"column":2},"end":{"line":99,"column":3}},"50":{"start":{"line":95,"column":4},"end":{"line":98,"column":6}},"51":{"start":{"line":101,"column":2},"end":{"line":106,"column":3}},"52":{"start":{"line":102,"column":4},"end":{"line":105,"column":6}},"53":{"start":{"line":108,"column":13},"end":{"line":108,"column":15}},"54":{"start":{"line":110,"column":2},"end":{"line":121,"column":3}},"55":{"start":{"line":111,"column":18},"end":{"line":111,"column":75}},"56":{"start":{"line":111,"column":54},"end":{"line":111,"column":74}},"57":{"start":{"line":112,"column":17},"end":{"line":112,"column":56}},"58":{"start":{"line":113,"column":23},"end":{"line":115,"column":22}},"59":{"start":{"line":114,"column":18},"end":{"line":114,"column":50}},"60":{"start":{"line":116,"column":19},"end":{"line":116,"column":55}},"61":{"start":{"line":116,"column":49},"end":{"line":116,"column":53}},"62":{"start":{"line":117,"column":24},"end":{"line":117,"column":62}},"63":{"start":{"line":117,"column":44},"end":{"line":117,"column":61}},"64":{"start":{"line":118,"column":4},"end":{"line":118,"column":43}},"65":{"start":{"line":120,"column":4},"end":{"line":120,"column":33}},"66":{"start":{"line":123,"column":19},"end":{"line":123,"column":56}},"67":{"start":{"line":125,"column":2},"end":{"line":133,"column":3}},"68":{"start":{"line":126,"column":4},"end":{"line":132,"column":6}},"69":{"start":{"line":135,"column":17},"end":{"line":135,"column":68}},"70":{"start":{"line":135,"column":37},"end":{"line":135,"column":67}},"71":{"start":{"line":136,"column":2},"end":{"line":136,"column":39}},"72":{"start":{"line":139,"column":17},"end":{"line":159,"column":1}},"73":{"start":{"line":140,"column":17},"end":{"line":140,"column":47}},"74":{"start":{"line":141,"column":2},"end":{"line":143,"column":3}},"75":{"start":{"line":142,"column":4},"end":{"line":142,"column":90}},"76":{"start":{"line":145,"column":2},"end":{"line":150,"column":3}},"77":{"start":{"line":146,"column":4},"end":{"line":149,"column":6}},"78":{"start":{"line":152,"column":18},"end":{"line":152,"column":60}},"79":{"start":{"line":153,"column":2},"end":{"line":155,"column":3}},"80":{"start":{"line":154,"column":4},"end":{"line":154,"column":88}},"81":{"start":{"line":157,"column":2},"end":{"line":157,"column":44}},"82":{"start":{"line":158,"column":2},"end":{"line":158,"column":78}},"83":{"start":{"line":161,"column":15},"end":{"line":193,"column":1}},"84":{"start":{"line":162,"column":17},"end":{"line":162,"column":47}},"85":{"start":{"line":163,"column":2},"end":{"line":165,"column":3}},"86":{"start":{"line":164,"column":4},"end":{"line":164,"column":90}},"87":{"start":{"line":166,"column":2},"end":{"line":168,"column":3}},"88":{"start":{"line":167,"column":4},"end":{"line":167,"column":85}},"89":{"start":{"line":170,"column":15},"end":{"line":170,"column":31}},"90":{"start":{"line":171,"column":23},"end":{"line":171,"column":62}},"91":{"start":{"line":172,"column":22},"end":{"line":172,"column":45}},"92":{"start":{"line":173,"column":27},"end":{"line":173,"column":48}},"93":{"start":{"line":174,"column":15},"end":{"line":174,"column":50}},"94":{"start":{"line":175,"column":20},"end":{"line":175,"column":42}},"95":{"start":{"line":176,"column":23},"end":{"line":176,"column":48}},"96":{"start":{"line":177,"column":16},"end":{"line":177,"column":53}},"97":{"start":{"line":179,"column":20},"end":{"line":186,"column":5}},"98":{"start":{"line":183,"column":8},"end":{"line":185,"column":25}},"99":{"start":{"line":187,"column":2},"end":{"line":189,"column":3}},"100":{"start":{"line":188,"column":4},"end":{"line":188,"column":90}},"101":{"start":{"line":191,"column":2},"end":{"line":191,"column":124}},"102":{"start":{"line":192,"column":2},"end":{"line":192,"column":79}},"103":{"start":{"line":195,"column":0},"end":{"line":195,"column":95}}},"fnMap":{"0":{"name":"(anonymous_0)","decl":{"start":{"line":5,"column":29},"end":{"line":5,"column":30}},"loc":{"start":{"line":6,"column":2},"end":{"line":6,"column":49}},"line":6},"1":{"name":"(anonymous_1)","decl":{"start":{"line":6,"column":19},"end":{"line":6,"column":20}},"loc":{"start":{"line":6,"column":26},"end":{"line":6,"column":48}},"line":6},"2":{"name":"(anonymous_2)","decl":{"start":{"line":8,"column":28},"end":{"line":8,"column":29}},"loc":{"start":{"line":8,"column":48},"end":{"line":27,"column":1}},"line":8},"3":{"name":"(anonymous_3)","decl":{"start":{"line":29,"column":15},"end":{"line":29,"column":16}},"loc":{"start":{"line":29,"column":33},"end":{"line":61,"column":1}},"line":29},"4":{"name":"(anonymous_4)","decl":{"start":{"line":41,"column":4},"end":{"line":41,"column":5}},"loc":{"start":{"line":41,"column":11},"end":{"line":41,"column":78}},"line":41},"5":{"name":"(anonymous_5)","decl":{"start":{"line":63,"column":15},"end":{"line":63,"column":16}},"loc":{"start":{"line":63,"column":37},"end":{"line":74,"column":1}},"line":63},"6":{"name":"(anonymous_6)","decl":{"start":{"line":76,"column":21},"end":{"line":76,"column":22}},"loc":{"start":{"line":76,"column":53},"end":{"line":89,"column":1}},"line":76},"7":{"name":"(anonymous_7)","decl":{"start":{"line":80,"column":27},"end":{"line":80,"column":28}},"loc":{"start":{"line":80,"column":34},"end":{"line":80,"column":74}},"line":80},"8":{"name":"(anonymous_8)","decl":{"start":{"line":84,"column":27},"end":{"line":84,"column":28}},"loc":{"start":{"line":85,"column":6},"end":{"line":85,"column":68}},"line":85},"9":{"name":"(anonymous_9)","decl":{"start":{"line":85,"column":26},"end":{"line":85,"column":27}},"loc":{"start":{"line":85,"column":33},"end":{"line":85,"column":67}},"line":85},"10":{"name":"(anonymous_10)","decl":{"start":{"line":91,"column":13},"end":{"line":91,"column":14}},"loc":{"start":{"line":91,"column":32},"end":{"line":137,"column":1}},"line":91},"11":{"name":"(anonymous_11)","decl":{"start":{"line":111,"column":47},"end":{"line":111,"column":48}},"loc":{"start":{"line":111,"column":54},"end":{"line":111,"column":74}},"line":111},"12":{"name":"(anonymous_12)","decl":{"start":{"line":114,"column":11},"end":{"line":114,"column":12}},"loc":{"start":{"line":114,"column":18},"end":{"line":114,"column":50}},"line":114},"13":{"name":"(anonymous_13)","decl":{"start":{"line":116,"column":42},"end":{"line":116,"column":43}},"loc":{"start":{"line":116,"column":49},"end":{"line":116,"column":53}},"line":116},"14":{"name":"(anonymous_14)","decl":{"start":{"line":117,"column":37},"end":{"line":117,"column":38}},"loc":{"start":{"line":117,"column":44},"end":{"line":117,"column":61}},"line":117},"15":{"name":"(anonymous_15)","decl":{"start":{"line":135,"column":30},"end":{"line":135,"column":31}},"loc":{"start":{"line":135,"column":37},"end":{"line":135,"column":67}},"line":135},"16":{"name":"(anonymous_16)","decl":{"start":{"line":139,"column":17},"end":{"line":139,"column":18}},"loc":{"start":{"line":139,"column":39},"end":{"line":159,"column":1}},"line":139},"17":{"name":"(anonymous_17)","decl":{"start":{"line":161,"column":15},"end":{"line":161,"column":16}},"loc":{"start":{"line":161,"column":43},"end":{"line":193,"column":1}},"line":161},"18":{"name":"(anonymous_18)","decl":{"start":{"line":182,"column":6},"end":{"line":182,"column":7}},"loc":{"start":{"line":183,"column":8},"end":{"line":185,"column":25}},"line":183}},"branchMap":{"0":{"loc":{"start":{"line":14,"column":10},"end":{"line":14,"column":29}},"type":"binary-expr","locations":[{"start":{"line":14,"column":10},"end":{"line":14,"column":21}},{"start":{"line":14,"column":25},"end":{"line":14,"column":29}}],"line":14},"1":{"loc":{"start":{"line":18,"column":15},"end":{"line":18,"column":39}},"type":"binary-expr","locations":[{"start":{"line":18,"column":15},"end":{"line":18,"column":31}},{"start":{"line":18,"column":35},"end":{"line":18,"column":39}}],"line":18},"2":{"loc":{"start":{"line":19,"column":18},"end":{"line":19,"column":45}},"type":"binary-expr","locations":[{"start":{"line":19,"column":18},"end":{"line":19,"column":37}},{"start":{"line":19,"column":41},"end":{"line":19,"column":45}}],"line":19},"3":{"loc":{"start":{"line":20,"column":11},"end":{"line":20,"column":31}},"type":"binary-expr","locations":[{"start":{"line":20,"column":11},"end":{"line":20,"column":23}},{"start":{"line":20,"column":27},"end":{"line":20,"column":31}}],"line":20},"4":{"loc":{"start":{"line":23,"column":10},"end":{"line":23,"column":45}},"type":"cond-expr","locations":[{"start":{"line":23,"column":19},"end":{"line":23,"column":28}},{"start":{"line":23,"column":31},"end":{"line":23,"column":45}}],"line":23},"5":{"loc":{"start":{"line":24,"column":12},"end":{"line":24,"column":49}},"type":"cond-expr","locations":[{"start":{"line":24,"column":21},"end":{"line":24,"column":32}},{"start":{"line":24,"column":35},"end":{"line":24,"column":49}}],"line":24},"6":{"loc":{"start":{"line":34,"column":15},"end":{"line":34,"column":50}},"type":"cond-expr","locations":[{"start":{"line":34,"column":27},"end":{"line":34,"column":43}},{"start":{"line":34,"column":46},"end":{"line":34,"column":50}}],"line":34},"7":{"loc":{"start":{"line":35,"column":20},"end":{"line":35,"column":42}},"type":"binary-expr","locations":[{"start":{"line":35,"column":20},"end":{"line":35,"column":34}},{"start":{"line":35,"column":38},"end":{"line":35,"column":42}}],"line":35},"8":{"loc":{"start":{"line":36,"column":23},"end":{"line":36,"column":48}},"type":"binary-expr","locations":[{"start":{"line":36,"column":23},"end":{"line":36,"column":40}},{"start":{"line":36,"column":44},"end":{"line":36,"column":48}}],"line":36},"9":{"loc":{"start":{"line":37,"column":16},"end":{"line":37,"column":53}},"type":"cond-expr","locations":[{"start":{"line":37,"column":29},"end":{"line":37,"column":46}},{"start":{"line":37,"column":49},"end":{"line":37,"column":53}}],"line":37},"10":{"loc":{"start":{"line":41,"column":11},"end":{"line":41,"column":78}},"type":"binary-expr","locations":[{"start":{"line":41,"column":11},"end":{"line":41,"column":54}},{"start":{"line":41,"column":58},"end":{"line":41,"column":78}}],"line":41},"11":{"loc":{"start":{"line":43,"column":2},"end":{"line":45,"column":3}},"type":"if","locations":[{"start":{"line":43,"column":2},"end":{"line":45,"column":3}},{"start":{},"end":{}}],"line":43},"12":{"loc":{"start":{"line":65,"column":2},"end":{"line":67,"column":3}},"type":"if","locations":[{"start":{"line":65,"column":2},"end":{"line":67,"column":3}},{"start":{},"end":{}}],"line":65},"13":{"loc":{"start":{"line":68,"column":2},"end":{"line":70,"column":3}},"type":"if","locations":[{"start":{"line":68,"column":2},"end":{"line":70,"column":3}},{"start":{},"end":{}}],"line":68},"14":{"loc":{"start":{"line":78,"column":2},"end":{"line":81,"column":3}},"type":"if","locations":[{"start":{"line":78,"column":2},"end":{"line":81,"column":3}},{"start":{},"end":{}}],"line":78},"15":{"loc":{"start":{"line":82,"column":2},"end":{"line":87,"column":3}},"type":"if","locations":[{"start":{"line":82,"column":2},"end":{"line":87,"column":3}},{"start":{},"end":{}}],"line":82},"16":{"loc":{"start":{"line":94,"column":2},"end":{"line":99,"column":3}},"type":"if","locations":[{"start":{"line":94,"column":2},"end":{"line":99,"column":3}},{"start":{},"end":{}}],"line":94},"17":{"loc":{"start":{"line":101,"column":2},"end":{"line":106,"column":3}},"type":"if","locations":[{"start":{"line":101,"column":2},"end":{"line":106,"column":3}},{"start":{},"end":{}}],"line":101},"18":{"loc":{"start":{"line":101,"column":6},"end":{"line":101,"column":39}},"type":"binary-expr","locations":[{"start":{"line":101,"column":6},"end":{"line":101,"column":20}},{"start":{"line":101,"column":24},"end":{"line":101,"column":39}}],"line":101},"19":{"loc":{"start":{"line":110,"column":2},"end":{"line":121,"column":3}},"type":"if","locations":[{"start":{"line":110,"column":2},"end":{"line":121,"column":3}},{"start":{"line":119,"column":9},"end":{"line":121,"column":3}}],"line":110},"20":{"loc":{"start":{"line":125,"column":2},"end":{"line":133,"column":3}},"type":"if","locations":[{"start":{"line":125,"column":2},"end":{"line":133,"column":3}},{"start":{},"end":{}}],"line":125},"21":{"loc":{"start":{"line":141,"column":2},"end":{"line":143,"column":3}},"type":"if","locations":[{"start":{"line":141,"column":2},"end":{"line":143,"column":3}},{"start":{},"end":{}}],"line":141},"22":{"loc":{"start":{"line":145,"column":2},"end":{"line":150,"column":3}},"type":"if","locations":[{"start":{"line":145,"column":2},"end":{"line":150,"column":3}},{"start":{},"end":{}}],"line":145},"23":{"loc":{"start":{"line":153,"column":2},"end":{"line":155,"column":3}},"type":"if","locations":[{"start":{"line":153,"column":2},"end":{"line":155,"column":3}},{"start":{},"end":{}}],"line":153},"24":{"loc":{"start":{"line":163,"column":2},"end":{"line":165,"column":3}},"type":"if","locations":[{"start":{"line":163,"column":2},"end":{"line":165,"column":3}},{"start":{},"end":{}}],"line":163},"25":{"loc":{"start":{"line":166,"column":2},"end":{"line":168,"column":3}},"type":"if","locations":[{"start":{"line":166,"column":2},"end":{"line":168,"column":3}},{"start":{},"end":{}}],"line":166},"26":{"loc":{"start":{"line":174,"column":15},"end":{"line":174,"column":50}},"type":"cond-expr","locations":[{"start":{"line":174,"column":27},"end":{"line":174,"column":43}},{"start":{"line":174,"column":46},"end":{"line":174,"column":50}}],"line":174},"27":{"loc":{"start":{"line":175,"column":20},"end":{"line":175,"column":42}},"type":"binary-expr","locations":[{"start":{"line":175,"column":20},"end":{"line":175,"column":34}},{"start":{"line":175,"column":38},"end":{"line":175,"column":42}}],"line":175},"28":{"loc":{"start":{"line":176,"column":23},"end":{"line":176,"column":48}},"type":"binary-expr","locations":[{"start":{"line":176,"column":23},"end":{"line":176,"column":40}},{"start":{"line":176,"column":44},"end":{"line":176,"column":48}}],"line":176},"29":{"loc":{"start":{"line":177,"column":16},"end":{"line":177,"column":53}},"type":"cond-expr","locations":[{"start":{"line":177,"column":29},"end":{"line":177,"column":46}},{"start":{"line":177,"column":49},"end":{"line":177,"column":53}}],"line":177},"30":{"loc":{"start":{"line":183,"column":8},"end":{"line":185,"column":25}},"type":"binary-expr","locations":[{"start":{"line":183,"column":8},"end":{"line":183,"column":51}},{"start":{"line":184,"column":8},"end":{"line":184,"column":28}},{"start":{"line":185,"column":8},"end":{"line":185,"column":25}}],"line":183},"31":{"loc":{"start":{"line":187,"column":2},"end":{"line":189,"column":3}},"type":"if","locations":[{"start":{"line":187,"column":2},"end":{"line":189,"column":3}},{"start":{},"end":{}}],"line":187}},"s":{"0":5,"1":5,"2":5,"3":5,"4":74,"5":265,"6":5,"7":14,"8":14,"9":14,"10":5,"11":68,"12":68,"13":68,"14":68,"15":68,"16":68,"17":68,"18":68,"19":68,"20":68,"21":27,"22":68,"23":1,"24":67,"25":67,"26":5,"27":4,"28":4,"29":1,"30":3,"31":1,"32":2,"33":2,"34":2,"35":5,"36":13,"37":13,"38":3,"39":3,"40":6,"41":13,"42":2,"43":2,"44":3,"45":8,"46":13,"47":5,"48":15,"49":15,"50":1,"51":14,"52":1,"53":13,"54":13,"55":6,"56":6,"57":6,"58":6,"59":2,"60":6,"61":2,"62":6,"63":2,"64":6,"65":7,"66":13,"67":13,"68":3,"69":10,"70":12,"71":10,"72":5,"73":11,"74":11,"75":1,"76":10,"77":1,"78":9,"79":9,"80":1,"81":8,"82":8,"83":5,"84":8,"85":8,"86":1,"87":7,"88":1,"89":6,"90":6,"91":6,"92":6,"93":6,"94":6,"95":6,"96":6,"97":6,"98":7,"99":6,"100":1,"101":5,"102":5,"103":5},"f":{"0":74,"1":265,"2":14,"3":68,"4":27,"5":4,"6":13,"7":6,"8":3,"9":8,"10":15,"11":6,"12":2,"13":2,"14":2,"15":12,"16":11,"17":8,"18":7},"b":{"0":[14,5],"1":[14,5],"2":[14,5],"3":[14,5],"4":[12,2],"5":[12,2],"6":[50,18],"7":[68,18],"8":[68,18],"9":[50,18],"10":[27,2],"11":[1,67],"12":[1,3],"13":[1,2],"14":[3,10],"15":[2,11],"16":[1,14],"17":[1,13],"18":[14,8],"19":[6,7],"20":[3,10],"21":[1,10],"22":[1,9],"23":[1,8],"24":[1,7],"25":[1,6],"26":[5,1],"27":[6,1],"28":[6,1],"29":[5,1],"30":[7,2,2],"31":[1,5]},"_coverageSchema":"1a1c01bbd47fc00a2c39e90264f33305004495a9","hash":"e6fc610dd6a37d2c4c046bc02ce9aff81c51e190"}
,"/Users/ana/Documents/MentoriaJL-turma3/ppp/src/services/userService.js": {"path":"/Users/ana/Documents/MentoriaJL-turma3/ppp/src/services/userService.js","statementMap":{"0":{"start":{"line":1,"column":15},"end":{"line":1,"column":34}},"1":{"start":{"line":2,"column":12},"end":{"line":2,"column":35}},"2":{"start":{"line":3,"column":23},"end":{"line":3,"column":38}},"3":{"start":{"line":4,"column":18},"end":{"line":4,"column":48}},"4":{"start":{"line":5,"column":20},"end":{"line":5,"column":52}},"5":{"start":{"line":7,"column":19},"end":{"line":7,"column":64}},"6":{"start":{"line":9,"column":17},"end":{"line":23,"column":1}},"7":{"start":{"line":10,"column":15},"end":{"line":10,"column":31}},"8":{"start":{"line":11,"column":16},"end":{"line":11,"column":33}},"9":{"start":{"line":12,"column":16},"end":{"line":12,"column":33}},"10":{"start":{"line":14,"column":19},"end":{"line":14,"column":47}},"11":{"start":{"line":15,"column":2},"end":{"line":17,"column":3}},"12":{"start":{"line":16,"column":4},"end":{"line":16,"column":90}},"13":{"start":{"line":19,"column":15},"end":{"line":19,"column":43}},"14":{"start":{"line":20,"column":15},"end":{"line":20,"column":75}},"15":{"start":{"line":22,"column":2},"end":{"line":22,"column":91}},"16":{"start":{"line":25,"column":14},"end":{"line":41,"column":1}},"17":{"start":{"line":26,"column":16},"end":{"line":26,"column":33}},"18":{"start":{"line":27,"column":16},"end":{"line":27,"column":33}},"19":{"start":{"line":29,"column":15},"end":{"line":29,"column":43}},"20":{"start":{"line":30,"column":2},"end":{"line":32,"column":3}},"21":{"start":{"line":31,"column":4},"end":{"line":31,"column":91}},"22":{"start":{"line":34,"column":16},"end":{"line":34,"column":55}},"23":{"start":{"line":35,"column":2},"end":{"line":37,"column":3}},"24":{"start":{"line":36,"column":4},"end":{"line":36,"column":85}},"25":{"start":{"line":39,"column":16},"end":{"line":39,"column":93}},"26":{"start":{"line":40,"column":2},"end":{"line":40,"column":42}},"27":{"start":{"line":43,"column":22},"end":{"line":56,"column":1}},"28":{"start":{"line":44,"column":15},"end":{"line":44,"column":41}},"29":{"start":{"line":45,"column":2},"end":{"line":47,"column":3}},"30":{"start":{"line":46,"column":4},"end":{"line":46,"column":90}},"31":{"start":{"line":52,"column":2},"end":{"line":52,"column":44}},"32":{"start":{"line":53,"column":2},"end":{"line":53,"column":27}},"33":{"start":{"line":55,"column":2},"end":{"line":55,"column":74}},"34":{"start":{"line":58,"column":0},"end":{"line":58,"column":64}}},"fnMap":{"0":{"name":"(anonymous_0)","decl":{"start":{"line":9,"column":17},"end":{"line":9,"column":18}},"loc":{"start":{"line":9,"column":33},"end":{"line":23,"column":1}},"line":9},"1":{"name":"(anonymous_1)","decl":{"start":{"line":25,"column":14},"end":{"line":25,"column":15}},"loc":{"start":{"line":25,"column":30},"end":{"line":41,"column":1}},"line":25},"2":{"name":"(anonymous_2)","decl":{"start":{"line":43,"column":22},"end":{"line":43,"column":23}},"loc":{"start":{"line":43,"column":34},"end":{"line":56,"column":1}},"line":43}},"branchMap":{"0":{"loc":{"start":{"line":7,"column":19},"end":{"line":7,"column":64}},"type":"binary-expr","locations":[{"start":{"line":7,"column":19},"end":{"line":7,"column":41}},{"start":{"line":7,"column":45},"end":{"line":7,"column":64}}],"line":7},"1":{"loc":{"start":{"line":15,"column":2},"end":{"line":17,"column":3}},"type":"if","locations":[{"start":{"line":15,"column":2},"end":{"line":17,"column":3}},{"start":{},"end":{}}],"line":15},"2":{"loc":{"start":{"line":30,"column":2},"end":{"line":32,"column":3}},"type":"if","locations":[{"start":{"line":30,"column":2},"end":{"line":32,"column":3}},{"start":{},"end":{}}],"line":30},"3":{"loc":{"start":{"line":35,"column":2},"end":{"line":37,"column":3}},"type":"if","locations":[{"start":{"line":35,"column":2},"end":{"line":37,"column":3}},{"start":{},"end":{}}],"line":35},"4":{"loc":{"start":{"line":45,"column":2},"end":{"line":47,"column":3}},"type":"if","locations":[{"start":{"line":45,"column":2},"end":{"line":47,"column":3}},{"start":{},"end":{}}],"line":45}},"s":{"0":4,"1":4,"2":4,"3":4,"4":4,"5":4,"6":4,"7":160,"8":160,"9":160,"10":160,"11":160,"12":1,"13":159,"14":159,"15":159,"16":4,"17":155,"18":155,"19":155,"20":155,"21":2,"22":153,"23":153,"24":1,"25":152,"26":152,"27":4,"28":8,"29":8,"30":1,"31":7,"32":7,"33":7,"34":4},"f":{"0":160,"1":155,"2":8},"b":{"0":[4,4],"1":[1,159],"2":[2,153],"3":[1,152],"4":[1,7]},"_coverageSchema":"1a1c01bbd47fc00a2c39e90264f33305004495a9","hash":"e603a9b888a361b930d378265bc3f1b6a56b559b"}
,"/Users/ana/Documents/MentoriaJL-turma3/ppp/src/validators/recipeValidator.js": {"path":"/Users/ana/Documents/MentoriaJL-turma3/ppp/src/validators/recipeValidator.js","statementMap":{"0":{"start":{"line":1,"column":25},"end":{"line":1,"column":96}},"1":{"start":{"line":2,"column":21},"end":{"line":2,"column":50}},"2":{"start":{"line":3,"column":20},"end":{"line":3,"column":35}},"3":{"start":{"line":5,"column":23},"end":{"line":85,"column":1}},"4":{"start":{"line":6,"column":17},"end":{"line":6,"column":19}},"5":{"start":{"line":7,"column":102},"end":{"line":7,"column":106}},"6":{"start":{"line":9,"column":22},"end":{"line":9,"column":67}},"7":{"start":{"line":11,"column":2},"end":{"line":17,"column":3}},"8":{"start":{"line":12,"column":4},"end":{"line":12,"column":88}},"9":{"start":{"line":13,"column":9},"end":{"line":17,"column":3}},"10":{"start":{"line":14,"column":4},"end":{"line":14,"column":88}},"11":{"start":{"line":15,"column":9},"end":{"line":17,"column":3}},"12":{"start":{"line":16,"column":4},"end":{"line":16,"column":84}},"13":{"start":{"line":19,"column":2},"end":{"line":25,"column":3}},"14":{"start":{"line":20,"column":4},"end":{"line":24,"column":5}},"15":{"start":{"line":21,"column":6},"end":{"line":21,"column":87}},"16":{"start":{"line":22,"column":11},"end":{"line":24,"column":5}},"17":{"start":{"line":23,"column":6},"end":{"line":23,"column":86}},"18":{"start":{"line":27,"column":2},"end":{"line":48,"column":3}},"19":{"start":{"line":28,"column":4},"end":{"line":28,"column":86}},"20":{"start":{"line":30,"column":4},"end":{"line":47,"column":5}},"21":{"start":{"line":31,"column":6},"end":{"line":31,"column":88}},"22":{"start":{"line":33,"column":25},"end":{"line":35,"column":7}},"23":{"start":{"line":34,"column":8},"end":{"line":34,"column":58}},"24":{"start":{"line":36,"column":29},"end":{"line":38,"column":7}},"25":{"start":{"line":37,"column":15},"end":{"line":37,"column":69}},"26":{"start":{"line":39,"column":6},"end":{"line":46,"column":7}},"27":{"start":{"line":40,"column":8},"end":{"line":40,"column":90}},"28":{"start":{"line":42,"column":23},"end":{"line":42,"column":42}},"29":{"start":{"line":43,"column":8},"end":{"line":45,"column":9}},"30":{"start":{"line":44,"column":10},"end":{"line":44,"column":92}},"31":{"start":{"line":50,"column":22},"end":{"line":50,"column":88}},"32":{"start":{"line":51,"column":2},"end":{"line":57,"column":3}},"33":{"start":{"line":52,"column":4},"end":{"line":52,"column":95}},"34":{"start":{"line":53,"column":9},"end":{"line":57,"column":3}},"35":{"start":{"line":54,"column":4},"end":{"line":54,"column":95}},"36":{"start":{"line":55,"column":9},"end":{"line":57,"column":3}},"37":{"start":{"line":56,"column":4},"end":{"line":56,"column":91}},"38":{"start":{"line":59,"column":2},"end":{"line":63,"column":3}},"39":{"start":{"line":60,"column":4},"end":{"line":60,"column":100}},"40":{"start":{"line":61,"column":9},"end":{"line":63,"column":3}},"41":{"start":{"line":62,"column":4},"end":{"line":62,"column":97}},"42":{"start":{"line":65,"column":2},"end":{"line":69,"column":3}},"43":{"start":{"line":66,"column":4},"end":{"line":68,"column":5}},"44":{"start":{"line":67,"column":6},"end":{"line":67,"column":92}},"45":{"start":{"line":71,"column":2},"end":{"line":75,"column":3}},"46":{"start":{"line":72,"column":4},"end":{"line":74,"column":5}},"47":{"start":{"line":73,"column":6},"end":{"line":73,"column":95}},"48":{"start":{"line":77,"column":2},"end":{"line":82,"column":3}},"49":{"start":{"line":78,"column":25},"end":{"line":78,"column":73}},"50":{"start":{"line":79,"column":4},"end":{"line":81,"column":5}},"51":{"start":{"line":80,"column":6},"end":{"line":80,"column":87}},"52":{"start":{"line":84,"column":2},"end":{"line":84,"column":16}},"53":{"start":{"line":87,"column":0},"end":{"line":87,"column":68}}},"fnMap":{"0":{"name":"(anonymous_0)","decl":{"start":{"line":5,"column":23},"end":{"line":5,"column":24}},"loc":{"start":{"line":5,"column":33},"end":{"line":85,"column":1}},"line":5},"1":{"name":"(anonymous_1)","decl":{"start":{"line":33,"column":42},"end":{"line":33,"column":43}},"loc":{"start":{"line":34,"column":8},"end":{"line":34,"column":58}},"line":34},"2":{"name":"(anonymous_2)","decl":{"start":{"line":37,"column":8},"end":{"line":37,"column":9}},"loc":{"start":{"line":37,"column":15},"end":{"line":37,"column":69}},"line":37}},"branchMap":{"0":{"loc":{"start":{"line":9,"column":22},"end":{"line":9,"column":67}},"type":"cond-expr","locations":[{"start":{"line":9,"column":49},"end":{"line":9,"column":60}},{"start":{"line":9,"column":63},"end":{"line":9,"column":67}}],"line":9},"1":{"loc":{"start":{"line":11,"column":2},"end":{"line":17,"column":3}},"type":"if","locations":[{"start":{"line":11,"column":2},"end":{"line":17,"column":3}},{"start":{"line":13,"column":9},"end":{"line":17,"column":3}}],"line":11},"2":{"loc":{"start":{"line":13,"column":9},"end":{"line":17,"column":3}},"type":"if","locations":[{"start":{"line":13,"column":9},"end":{"line":17,"column":3}},{"start":{"line":15,"column":9},"end":{"line":17,"column":3}}],"line":13},"3":{"loc":{"start":{"line":15,"column":9},"end":{"line":17,"column":3}},"type":"if","locations":[{"start":{"line":15,"column":9},"end":{"line":17,"column":3}},{"start":{},"end":{}}],"line":15},"4":{"loc":{"start":{"line":19,"column":2},"end":{"line":25,"column":3}},"type":"if","locations":[{"start":{"line":19,"column":2},"end":{"line":25,"column":3}},{"start":{},"end":{}}],"line":19},"5":{"loc":{"start":{"line":19,"column":6},"end":{"line":19,"column":56}},"type":"binary-expr","locations":[{"start":{"line":19,"column":6},"end":{"line":19,"column":24}},{"start":{"line":19,"column":28},"end":{"line":19,"column":41}},{"start":{"line":19,"column":45},"end":{"line":19,"column":56}}],"line":19},"6":{"loc":{"start":{"line":20,"column":4},"end":{"line":24,"column":5}},"type":"if","locations":[{"start":{"line":20,"column":4},"end":{"line":24,"column":5}},{"start":{"line":22,"column":11},"end":{"line":24,"column":5}}],"line":20},"7":{"loc":{"start":{"line":22,"column":11},"end":{"line":24,"column":5}},"type":"if","locations":[{"start":{"line":22,"column":11},"end":{"line":24,"column":5}},{"start":{},"end":{}}],"line":22},"8":{"loc":{"start":{"line":27,"column":2},"end":{"line":48,"column":3}},"type":"if","locations":[{"start":{"line":27,"column":2},"end":{"line":48,"column":3}},{"start":{"line":29,"column":9},"end":{"line":48,"column":3}}],"line":27},"9":{"loc":{"start":{"line":27,"column":6},"end":{"line":27,"column":51}},"type":"binary-expr","locations":[{"start":{"line":27,"column":6},"end":{"line":27,"column":19}},{"start":{"line":27,"column":23},"end":{"line":27,"column":51}}],"line":27},"10":{"loc":{"start":{"line":30,"column":4},"end":{"line":47,"column":5}},"type":"if","locations":[{"start":{"line":30,"column":4},"end":{"line":47,"column":5}},{"start":{"line":32,"column":11},"end":{"line":47,"column":5}}],"line":30},"11":{"loc":{"start":{"line":30,"column":8},"end":{"line":30,"column":59}},"type":"binary-expr","locations":[{"start":{"line":30,"column":8},"end":{"line":30,"column":31}},{"start":{"line":30,"column":35},"end":{"line":30,"column":59}}],"line":30},"12":{"loc":{"start":{"line":34,"column":8},"end":{"line":34,"column":58}},"type":"cond-expr","locations":[{"start":{"line":34,"column":32},"end":{"line":34,"column":54}},{"start":{"line":34,"column":57},"end":{"line":34,"column":58}}],"line":34},"13":{"loc":{"start":{"line":37,"column":15},"end":{"line":37,"column":69}},"type":"binary-expr","locations":[{"start":{"line":37,"column":15},"end":{"line":37,"column":36}},{"start":{"line":37,"column":40},"end":{"line":37,"column":52}},{"start":{"line":37,"column":56},"end":{"line":37,"column":69}}],"line":37},"14":{"loc":{"start":{"line":39,"column":6},"end":{"line":46,"column":7}},"type":"if","locations":[{"start":{"line":39,"column":6},"end":{"line":46,"column":7}},{"start":{"line":41,"column":13},"end":{"line":46,"column":7}}],"line":39},"15":{"loc":{"start":{"line":43,"column":8},"end":{"line":45,"column":9}},"type":"if","locations":[{"start":{"line":43,"column":8},"end":{"line":45,"column":9}},{"start":{},"end":{}}],"line":43},"16":{"loc":{"start":{"line":50,"column":22},"end":{"line":50,"column":88}},"type":"cond-expr","locations":[{"start":{"line":50,"column":56},"end":{"line":50,"column":74}},{"start":{"line":50,"column":77},"end":{"line":50,"column":88}}],"line":50},"17":{"loc":{"start":{"line":51,"column":2},"end":{"line":57,"column":3}},"type":"if","locations":[{"start":{"line":51,"column":2},"end":{"line":57,"column":3}},{"start":{"line":53,"column":9},"end":{"line":57,"column":3}}],"line":51},"18":{"loc":{"start":{"line":53,"column":9},"end":{"line":57,"column":3}},"type":"if","locations":[{"start":{"line":53,"column":9},"end":{"line":57,"column":3}},{"start":{"line":55,"column":9},"end":{"line":57,"column":3}}],"line":53},"19":{"loc":{"start":{"line":55,"column":9},"end":{"line":57,"column":3}},"type":"if","locations":[{"start":{"line":55,"column":9},"end":{"line":57,"column":3}},{"start":{},"end":{}}],"line":55},"20":{"loc":{"start":{"line":59,"column":2},"end":{"line":63,"column":3}},"type":"if","locations":[{"start":{"line":59,"column":2},"end":{"line":63,"column":3}},{"start":{"line":61,"column":9},"end":{"line":63,"column":3}}],"line":59},"21":{"loc":{"start":{"line":61,"column":9},"end":{"line":63,"column":3}},"type":"if","locations":[{"start":{"line":61,"column":9},"end":{"line":63,"column":3}},{"start":{},"end":{}}],"line":61},"22":{"loc":{"start":{"line":65,"column":2},"end":{"line":69,"column":3}},"type":"if","locations":[{"start":{"line":65,"column":2},"end":{"line":69,"column":3}},{"start":{},"end":{}}],"line":65},"23":{"loc":{"start":{"line":65,"column":6},"end":{"line":65,"column":71}},"type":"binary-expr","locations":[{"start":{"line":65,"column":6},"end":{"line":65,"column":29}},{"start":{"line":65,"column":33},"end":{"line":65,"column":51}},{"start":{"line":65,"column":55},"end":{"line":65,"column":71}}],"line":65},"24":{"loc":{"start":{"line":66,"column":4},"end":{"line":68,"column":5}},"type":"if","locations":[{"start":{"line":66,"column":4},"end":{"line":68,"column":5}},{"start":{},"end":{}}],"line":66},"25":{"loc":{"start":{"line":71,"column":2},"end":{"line":75,"column":3}},"type":"if","locations":[{"start":{"line":71,"column":2},"end":{"line":75,"column":3}},{"start":{},"end":{}}],"line":71},"26":{"loc":{"start":{"line":71,"column":6},"end":{"line":71,"column":80}},"type":"binary-expr","locations":[{"start":{"line":71,"column":6},"end":{"line":71,"column":32}},{"start":{"line":71,"column":36},"end":{"line":71,"column":57}},{"start":{"line":71,"column":61},"end":{"line":71,"column":80}}],"line":71},"27":{"loc":{"start":{"line":72,"column":4},"end":{"line":74,"column":5}},"type":"if","locations":[{"start":{"line":72,"column":4},"end":{"line":74,"column":5}},{"start":{},"end":{}}],"line":72},"28":{"loc":{"start":{"line":77,"column":2},"end":{"line":82,"column":3}},"type":"if","locations":[{"start":{"line":77,"column":2},"end":{"line":82,"column":3}},{"start":{},"end":{}}],"line":77},"29":{"loc":{"start":{"line":77,"column":6},"end":{"line":77,"column":59}},"type":"binary-expr","locations":[{"start":{"line":77,"column":6},"end":{"line":77,"column":25}},{"start":{"line":77,"column":29},"end":{"line":77,"column":43}},{"start":{"line":77,"column":47},"end":{"line":77,"column":59}}],"line":77},"30":{"loc":{"start":{"line":78,"column":25},"end":{"line":78,"column":73}},"type":"cond-expr","locations":[{"start":{"line":78,"column":53},"end":{"line":78,"column":65}},{"start":{"line":78,"column":68},"end":{"line":78,"column":73}}],"line":78},"31":{"loc":{"start":{"line":79,"column":4},"end":{"line":81,"column":5}},"type":"if","locations":[{"start":{"line":79,"column":4},"end":{"line":81,"column":5}},{"start":{},"end":{}}],"line":79},"32":{"loc":{"start":{"line":79,"column":8},"end":{"line":79,"column":69}},"type":"binary-expr","locations":[{"start":{"line":79,"column":8},"end":{"line":79,"column":40}},{"start":{"line":79,"column":44},"end":{"line":79,"column":69}}],"line":79}},"s":{"0":5,"1":5,"2":5,"3":5,"4":108,"5":108,"6":108,"7":108,"8":4,"9":104,"10":1,"11":103,"12":1,"13":108,"14":80,"15":1,"16":79,"17":1,"18":108,"19":2,"20":106,"21":2,"22":104,"23":361,"24":104,"25":358,"26":104,"27":3,"28":101,"29":101,"30":1,"31":108,"32":108,"33":1,"34":107,"35":1,"36":106,"37":1,"38":108,"39":2,"40":106,"41":2,"42":108,"43":80,"44":1,"45":108,"46":80,"47":1,"48":108,"49":81,"50":81,"51":1,"52":108,"53":5},"f":{"0":108,"1":361,"2":358},"b":{"0":[105,3],"1":[4,104],"2":[1,103],"3":[1,102],"4":[80,28],"5":[108,82,81],"6":[1,79],"7":[1,78],"8":[2,106],"9":[108,107],"10":[2,104],"11":[106,105],"12":[360,1],"13":[358,357,356],"14":[3,101],"15":[1,100],"16":[107,1],"17":[1,107],"18":[1,106],"19":[1,105],"20":[2,106],"21":[2,104],"22":[80,28],"23":[108,82,81],"24":[1,79],"25":[80,28],"26":[108,82,81],"27":[1,79],"28":[81,27],"29":[108,83,82],"30":[80,1],"31":[1,80],"32":[81,80]},"_coverageSchema":"1a1c01bbd47fc00a2c39e90264f33305004495a9","hash":"7fb433057ce29a97314b6403f15c723dc6ca253a"}
,"/Users/ana/Documents/MentoriaJL-turma3/ppp/src/validators/userValidator.js": {"path":"/Users/ana/Documents/MentoriaJL-turma3/ppp/src/validators/userValidator.js","statementMap":{"0":{"start":{"line":1,"column":25},"end":{"line":34,"column":1}},"1":{"start":{"line":2,"column":17},"end":{"line":2,"column":19}},"2":{"start":{"line":3,"column":33},"end":{"line":3,"column":37}},"3":{"start":{"line":5,"column":22},"end":{"line":5,"column":67}},"4":{"start":{"line":6,"column":23},"end":{"line":6,"column":71}},"5":{"start":{"line":7,"column":23},"end":{"line":7,"column":71}},"6":{"start":{"line":9,"column":2},"end":{"line":12,"column":3}},"7":{"start":{"line":10,"column":4},"end":{"line":10,"column":89}},"8":{"start":{"line":11,"column":4},"end":{"line":11,"column":18}},"9":{"start":{"line":14,"column":2},"end":{"line":18,"column":3}},"10":{"start":{"line":15,"column":4},"end":{"line":15,"column":84}},"11":{"start":{"line":16,"column":9},"end":{"line":18,"column":3}},"12":{"start":{"line":17,"column":4},"end":{"line":17,"column":88}},"13":{"start":{"line":20,"column":21},"end":{"line":20,"column":49}},"14":{"start":{"line":21,"column":2},"end":{"line":25,"column":3}},"15":{"start":{"line":22,"column":4},"end":{"line":22,"column":75}},"16":{"start":{"line":23,"column":9},"end":{"line":25,"column":3}},"17":{"start":{"line":24,"column":4},"end":{"line":24,"column":85}},"18":{"start":{"line":27,"column":2},"end":{"line":31,"column":3}},"19":{"start":{"line":28,"column":4},"end":{"line":28,"column":85}},"20":{"start":{"line":29,"column":9},"end":{"line":31,"column":3}},"21":{"start":{"line":30,"column":4},"end":{"line":30,"column":89}},"22":{"start":{"line":33,"column":2},"end":{"line":33,"column":16}},"23":{"start":{"line":36,"column":22},"end":{"line":48,"column":1}},"24":{"start":{"line":37,"column":17},"end":{"line":37,"column":19}},"25":{"start":{"line":38,"column":27},"end":{"line":38,"column":31}},"26":{"start":{"line":40,"column":23},"end":{"line":40,"column":71}},"27":{"start":{"line":41,"column":23},"end":{"line":41,"column":71}},"28":{"start":{"line":43,"column":2},"end":{"line":45,"column":3}},"29":{"start":{"line":44,"column":4},"end":{"line":44,"column":89}},"30":{"start":{"line":47,"column":2},"end":{"line":47,"column":16}},"31":{"start":{"line":50,"column":0},"end":{"line":50,"column":53}}},"fnMap":{"0":{"name":"(anonymous_0)","decl":{"start":{"line":1,"column":25},"end":{"line":1,"column":26}},"loc":{"start":{"line":1,"column":35},"end":{"line":34,"column":1}},"line":1},"1":{"name":"(anonymous_1)","decl":{"start":{"line":36,"column":22},"end":{"line":36,"column":23}},"loc":{"start":{"line":36,"column":32},"end":{"line":48,"column":1}},"line":36}},"branchMap":{"0":{"loc":{"start":{"line":5,"column":22},"end":{"line":5,"column":67}},"type":"cond-expr","locations":[{"start":{"line":5,"column":49},"end":{"line":5,"column":60}},{"start":{"line":5,"column":63},"end":{"line":5,"column":67}}],"line":5},"1":{"loc":{"start":{"line":6,"column":23},"end":{"line":6,"column":71}},"type":"cond-expr","locations":[{"start":{"line":6,"column":51},"end":{"line":6,"column":63}},{"start":{"line":6,"column":66},"end":{"line":6,"column":71}}],"line":6},"2":{"loc":{"start":{"line":7,"column":23},"end":{"line":7,"column":71}},"type":"cond-expr","locations":[{"start":{"line":7,"column":51},"end":{"line":7,"column":63}},{"start":{"line":7,"column":66},"end":{"line":7,"column":71}}],"line":7},"3":{"loc":{"start":{"line":9,"column":2},"end":{"line":12,"column":3}},"type":"if","locations":[{"start":{"line":9,"column":2},"end":{"line":12,"column":3}},{"start":{},"end":{}}],"line":9},"4":{"loc":{"start":{"line":9,"column":6},"end":{"line":9,"column":52}},"type":"binary-expr","locations":[{"start":{"line":9,"column":6},"end":{"line":9,"column":18}},{"start":{"line":9,"column":22},"end":{"line":9,"column":35}},{"start":{"line":9,"column":39},"end":{"line":9,"column":52}}],"line":9},"5":{"loc":{"start":{"line":14,"column":2},"end":{"line":18,"column":3}},"type":"if","locations":[{"start":{"line":14,"column":2},"end":{"line":18,"column":3}},{"start":{"line":16,"column":9},"end":{"line":18,"column":3}}],"line":14},"6":{"loc":{"start":{"line":16,"column":9},"end":{"line":18,"column":3}},"type":"if","locations":[{"start":{"line":16,"column":9},"end":{"line":18,"column":3}},{"start":{},"end":{}}],"line":16},"7":{"loc":{"start":{"line":21,"column":2},"end":{"line":25,"column":3}},"type":"if","locations":[{"start":{"line":21,"column":2},"end":{"line":25,"column":3}},{"start":{"line":23,"column":9},"end":{"line":25,"column":3}}],"line":21},"8":{"loc":{"start":{"line":23,"column":9},"end":{"line":25,"column":3}},"type":"if","locations":[{"start":{"line":23,"column":9},"end":{"line":25,"column":3}},{"start":{},"end":{}}],"line":23},"9":{"loc":{"start":{"line":27,"column":2},"end":{"line":31,"column":3}},"type":"if","locations":[{"start":{"line":27,"column":2},"end":{"line":31,"column":3}},{"start":{"line":29,"column":9},"end":{"line":31,"column":3}}],"line":27},"10":{"loc":{"start":{"line":29,"column":9},"end":{"line":31,"column":3}},"type":"if","locations":[{"start":{"line":29,"column":9},"end":{"line":31,"column":3}},{"start":{},"end":{}}],"line":29},"11":{"loc":{"start":{"line":40,"column":23},"end":{"line":40,"column":71}},"type":"cond-expr","locations":[{"start":{"line":40,"column":51},"end":{"line":40,"column":63}},{"start":{"line":40,"column":66},"end":{"line":40,"column":71}}],"line":40},"12":{"loc":{"start":{"line":41,"column":23},"end":{"line":41,"column":71}},"type":"cond-expr","locations":[{"start":{"line":41,"column":51},"end":{"line":41,"column":63}},{"start":{"line":41,"column":66},"end":{"line":41,"column":71}}],"line":41},"13":{"loc":{"start":{"line":43,"column":2},"end":{"line":45,"column":3}},"type":"if","locations":[{"start":{"line":43,"column":2},"end":{"line":45,"column":3}},{"start":{},"end":{}}],"line":43},"14":{"loc":{"start":{"line":43,"column":6},"end":{"line":43,"column":36}},"type":"binary-expr","locations":[{"start":{"line":43,"column":6},"end":{"line":43,"column":19}},{"start":{"line":43,"column":23},"end":{"line":43,"column":36}}],"line":43}},"s":{"0":5,"1":172,"2":172,"3":172,"4":172,"5":172,"6":172,"7":5,"8":5,"9":167,"10":1,"11":166,"12":1,"13":167,"14":167,"15":1,"16":166,"17":1,"18":167,"19":1,"20":166,"21":1,"22":167,"23":5,"24":159,"25":159,"26":159,"27":159,"28":159,"29":3,"30":159,"31":5},"f":{"0":172,"1":159},"b":{"0":[169,3],"1":[169,3],"2":[169,3],"3":[5,167],"4":[172,169,168],"5":[1,166],"6":[1,165],"7":[1,166],"8":[1,165],"9":[1,166],"10":[1,165],"11":[157,2],"12":[157,2],"13":[3,156],"14":[159,157]},"_coverageSchema":"1a1c01bbd47fc00a2c39e90264f33305004495a9","hash":"dc6f755910fd69790c4272af88d1b2c13b3f3f29"}
}
