TN:
SF:src/app.js
FNF:0
FNH:0
DA:1,4
DA:2,4
DA:3,4
DA:4,4
DA:6,4
DA:7,4
DA:9,4
DA:10,4
DA:12,4
DA:13,4
DA:15,4
DA:16,4
DA:18,4
LF:13
LH:13
BRF:0
BRH:0
end_of_record
TN:
SF:src/controllers/recipeController.js
FN:4,(anonymous_0)
FN:17,(anonymous_1)
FN:25,(anonymous_2)
FN:33,(anonymous_3)
FN:41,(anonymous_4)
FNF:5
FNH:5
FNDA:89,(anonymous_0)
FNDA:4,(anonymous_1)
FNDA:15,(anonymous_2)
FNDA:11,(anonymous_3)
FNDA:10,(anonymous_4)
DA:1,4
DA:2,4
DA:4,4
DA:5,89
DA:6,89
DA:7,21
DA:10,68
DA:11,68
DA:12,1
DA:14,67
DA:17,4
DA:18,4
DA:19,4
DA:20,2
DA:22,2
DA:25,4
DA:26,15
DA:27,15
DA:28,2
DA:30,13
DA:33,4
DA:34,11
DA:35,11
DA:36,3
DA:38,8
DA:41,4
DA:42,10
DA:43,10
DA:44,2
DA:46,8
DA:47,8
DA:48,3
DA:50,5
DA:53,4
LF:34
LH:34
BRDA:6,0,0,21
BRDA:6,0,1,68
BRDA:11,1,0,1
BRDA:11,1,1,67
BRDA:19,2,0,2
BRDA:19,2,1,2
BRDA:27,3,0,2
BRDA:27,3,1,13
BRDA:35,4,0,3
BRDA:35,4,1,8
BRDA:43,5,0,2
BRDA:43,5,1,8
BRDA:47,6,0,3
BRDA:47,6,1,5
BRF:14
BRH:14
end_of_record
TN:
SF:src/controllers/userController.js
FN:4,(anonymous_0)
FN:17,(anonymous_1)
FN:30,(anonymous_2)
FNF:3
FNH:3
FNDA:169,(anonymous_0)
FNDA:157,(anonymous_1)
FNDA:8,(anonymous_2)
DA:1,4
DA:2,4
DA:4,4
DA:5,169
DA:6,169
DA:7,9
DA:10,160
DA:11,160
DA:12,1
DA:14,159
DA:17,4
DA:18,157
DA:19,157
DA:20,2
DA:23,155
DA:24,155
DA:25,3
DA:27,152
DA:30,4
DA:31,8
DA:32,8
DA:33,1
DA:35,7
DA:38,4
LF:24
LH:24
BRDA:6,0,0,9
BRDA:6,0,1,160
BRDA:11,1,0,1
BRDA:11,1,1,159
BRDA:19,2,0,2
BRDA:19,2,1,155
BRDA:24,3,0,3
BRDA:24,3,1,152
BRDA:32,4,0,1
BRDA:32,4,1,7
BRF:10
BRH:10
end_of_record
TN:
SF:src/middlewares/auth.js
FN:4,(anonymous_0)
FNF:1
FNH:1
FNDA:142,(anonymous_0)
DA:1,4
DA:2,4
DA:4,4
DA:5,142
DA:6,142
DA:7,4
DA:10,138
DA:11,138
DA:12,138
DA:13,137
DA:14,137
DA:16,1
DA:20,4
LF:13
LH:13
BRDA:6,0,0,4
BRDA:6,0,1,138
BRDA:6,1,0,142
BRDA:6,1,1,139
BRF:4
BRH:4
end_of_record
TN:
SF:src/models/recipeModel.js
FN:4,(anonymous_0)
FN:6,(anonymous_1)
FN:6,(anonymous_2)
FN:8,(anonymous_3)
FN:13,(anonymous_4)
FN:14,(anonymous_5)
FN:20,(anonymous_6)
FN:21,(anonymous_7)
FN:23,(anonymous_8)
FN:24,(anonymous_9)
FN:26,(anonymous_10)
FN:27,(anonymous_11)
FN:33,(anonymous_12)
FN:39,(anonymous_13)
FN:47,(anonymous_14)
FN:55,(anonymous_15)
FNF:16
FNH:16
FNDA:116,(anonymous_0)
FNDA:28,(anonymous_1)
FNDA:28,(anonymous_2)
FNDA:69,(anonymous_3)
FNDA:3,(anonymous_4)
FNDA:2,(anonymous_5)
FNDA:7,(anonymous_6)
FNDA:2,(anonymous_7)
FNDA:29,(anonymous_8)
FNDA:10,(anonymous_9)
FNDA:6,(anonymous_10)
FNDA:5,(anonymous_11)
FNDA:12,(anonymous_12)
FNDA:8,(anonymous_13)
FNDA:3,(anonymous_14)
FNDA:84,(anonymous_15)
DA:1,5
DA:2,5
DA:4,116
DA:6,28
DA:8,5
DA:9,69
DA:10,69
DA:13,5
DA:14,3
DA:15,3
DA:16,2
DA:17,2
DA:20,5
DA:21,7
DA:23,5
DA:24,29
DA:26,5
DA:27,6
DA:28,6
DA:29,5
DA:30,5
DA:33,5
DA:34,12
DA:35,12
DA:36,12
DA:39,5
DA:40,8
DA:41,5
DA:42,2
DA:47,5
DA:48,3
DA:49,3
DA:50,2
DA:55,5
DA:56,84
DA:57,84
DA:60,5
LF:37
LH:37
BRDA:15,0,0,1
BRDA:15,0,1,2
BRDA:24,1,0,10
BRDA:24,1,1,9
BRDA:28,2,0,1
BRDA:28,2,1,5
BRDA:41,3,0,2
BRDA:41,3,1,3
BRDA:49,4,0,2
BRDA:49,4,1,1
BRF:10
BRH:10
end_of_record
TN:
SF:src/models/userModel.js
FN:3,(anonymous_0)
FN:5,(anonymous_1)
FN:5,(anonymous_2)
FN:7,(anonymous_3)
FN:7,(anonymous_4)
FN:9,(anonymous_5)
FN:14,(anonymous_6)
FN:15,(anonymous_7)
FN:21,(anonymous_8)
FNF:9
FNH:9
FNDA:60,(anonymous_0)
FNDA:22,(anonymous_1)
FNDA:24,(anonymous_2)
FNDA:315,(anonymous_3)
FNDA:306,(anonymous_4)
FNDA:160,(anonymous_5)
FNDA:8,(anonymous_6)
FNDA:8,(anonymous_7)
FNDA:101,(anonymous_8)
DA:1,5
DA:3,60
DA:5,24
DA:7,315
DA:9,5
DA:10,160
DA:11,160
DA:14,5
DA:15,8
DA:16,8
DA:17,7
DA:18,7
DA:21,5
DA:22,101
DA:25,5
LF:15
LH:15
BRDA:16,0,0,1
BRDA:16,0,1,7
BRF:2
BRH:2
end_of_record
TN:
SF:src/routes/recipeRoutes.js
FNF:0
FNH:0
DA:1,4
DA:2,4
DA:3,4
DA:4,4
DA:6,4
DA:7,4
DA:8,4
DA:9,4
DA:10,4
DA:12,4
LF:10
LH:10
BRF:0
BRH:0
end_of_record
TN:
SF:src/routes/userRoutes.js
FNF:0
FNH:0
DA:1,4
DA:2,4
DA:3,4
DA:4,4
DA:6,4
DA:7,4
DA:8,4
DA:10,4
LF:8
LH:8
BRF:0
BRH:0
end_of_record
TN:
SF:src/services/recipeService.js
FN:5,(anonymous_0)
FN:6,(anonymous_1)
FN:8,(anonymous_2)
FN:29,(anonymous_3)
FN:41,(anonymous_4)
FN:63,(anonymous_5)
FN:76,(anonymous_6)
FN:80,(anonymous_7)
FN:84,(anonymous_8)
FN:85,(anonymous_9)
FN:91,(anonymous_10)
FN:111,(anonymous_11)
FN:114,(anonymous_12)
FN:116,(anonymous_13)
FN:117,(anonymous_14)
FN:135,(anonymous_15)
FN:139,(anonymous_16)
FN:161,(anonymous_17)
FN:182,(anonymous_18)
FNF:19
FNH:19
FNDA:74,(anonymous_0)
FNDA:265,(anonymous_1)
FNDA:14,(anonymous_2)
FNDA:68,(anonymous_3)
FNDA:27,(anonymous_4)
FNDA:4,(anonymous_5)
FNDA:13,(anonymous_6)
FNDA:6,(anonymous_7)
FNDA:3,(anonymous_8)
FNDA:8,(anonymous_9)
FNDA:15,(anonymous_10)
FNDA:6,(anonymous_11)
FNDA:2,(anonymous_12)
FNDA:2,(anonymous_13)
FNDA:2,(anonymous_14)
FNDA:12,(anonymous_15)
FNDA:11,(anonymous_16)
FNDA:8,(anonymous_17)
FNDA:7,(anonymous_18)
DA:1,5
DA:2,5
DA:3,5
DA:5,5
DA:6,265
DA:8,5
DA:9,14
DA:10,14
DA:11,14
DA:29,5
DA:30,68
DA:31,68
DA:32,68
DA:33,68
DA:34,68
DA:35,68
DA:36,68
DA:37,68
DA:39,68
DA:40,68
DA:41,27
DA:43,68
DA:44,1
DA:47,67
DA:60,67
DA:63,5
DA:64,4
DA:65,4
DA:66,1
DA:68,3
DA:69,1
DA:71,2
DA:72,2
DA:73,2
DA:76,5
DA:77,13
DA:78,13
DA:79,3
DA:80,6
DA:82,13
DA:83,2
DA:84,2
DA:85,8
DA:88,13
DA:91,5
DA:92,15
DA:94,15
DA:95,1
DA:101,14
DA:102,1
DA:108,13
DA:110,13
DA:111,6
DA:112,6
DA:113,6
DA:114,2
DA:116,6
DA:117,6
DA:118,6
DA:120,7
DA:123,13
DA:125,13
DA:126,3
DA:135,12
DA:136,10
DA:139,5
DA:140,11
DA:141,11
DA:142,1
DA:145,10
DA:146,1
DA:152,9
DA:153,9
DA:154,1
DA:157,8
DA:158,8
DA:161,5
DA:162,8
DA:163,8
DA:164,1
DA:166,7
DA:167,1
DA:170,6
DA:171,6
DA:172,6
DA:173,6
DA:174,6
DA:175,6
DA:176,6
DA:177,6
DA:179,6
DA:183,7
DA:187,6
DA:188,1
DA:191,5
DA:192,5
DA:195,5
LF:97
LH:97
BRDA:14,0,0,14
BRDA:14,0,1,5
BRDA:18,1,0,14
BRDA:18,1,1,5
BRDA:19,2,0,14
BRDA:19,2,1,5
BRDA:20,3,0,14
BRDA:20,3,1,5
BRDA:23,4,0,12
BRDA:23,4,1,2
BRDA:24,5,0,12
BRDA:24,5,1,2
BRDA:34,6,0,50
BRDA:34,6,1,18
BRDA:35,7,0,68
BRDA:35,7,1,18
BRDA:36,8,0,68
BRDA:36,8,1,18
BRDA:37,9,0,50
BRDA:37,9,1,18
BRDA:41,10,0,27
BRDA:41,10,1,2
BRDA:43,11,0,1
BRDA:43,11,1,67
BRDA:65,12,0,1
BRDA:65,12,1,3
BRDA:68,13,0,1
BRDA:68,13,1,2
BRDA:78,14,0,3
BRDA:78,14,1,10
BRDA:82,15,0,2
BRDA:82,15,1,11
BRDA:94,16,0,1
BRDA:94,16,1,14
BRDA:101,17,0,1
BRDA:101,17,1,13
BRDA:101,18,0,14
BRDA:101,18,1,8
BRDA:110,19,0,6
BRDA:110,19,1,7
BRDA:125,20,0,3
BRDA:125,20,1,10
BRDA:141,21,0,1
BRDA:141,21,1,10
BRDA:145,22,0,1
BRDA:145,22,1,9
BRDA:153,23,0,1
BRDA:153,23,1,8
BRDA:163,24,0,1
BRDA:163,24,1,7
BRDA:166,25,0,1
BRDA:166,25,1,6
BRDA:174,26,0,5
BRDA:174,26,1,1
BRDA:175,27,0,6
BRDA:175,27,1,1
BRDA:176,28,0,6
BRDA:176,28,1,1
BRDA:177,29,0,5
BRDA:177,29,1,1
BRDA:183,30,0,7
BRDA:183,30,1,2
BRDA:183,30,2,2
BRDA:187,31,0,1
BRDA:187,31,1,5
BRF:65
BRH:65
end_of_record
TN:
SF:src/services/userService.js
FN:9,(anonymous_0)
FN:25,(anonymous_1)
FN:43,(anonymous_2)
FNF:3
FNH:3
FNDA:160,(anonymous_0)
FNDA:155,(anonymous_1)
FNDA:8,(anonymous_2)
DA:1,4
DA:2,4
DA:3,4
DA:4,4
DA:5,4
DA:7,4
DA:9,4
DA:10,160
DA:11,160
DA:12,160
DA:14,160
DA:15,160
DA:16,1
DA:19,159
DA:20,159
DA:22,159
DA:25,4
DA:26,155
DA:27,155
DA:29,155
DA:30,155
DA:31,2
DA:34,153
DA:35,153
DA:36,1
DA:39,152
DA:40,152
DA:43,4
DA:44,8
DA:45,8
DA:46,1
DA:52,7
DA:53,7
DA:55,7
DA:58,4
LF:35
LH:35
BRDA:7,0,0,4
BRDA:7,0,1,4
BRDA:15,1,0,1
BRDA:15,1,1,159
BRDA:30,2,0,2
BRDA:30,2,1,153
BRDA:35,3,0,1
BRDA:35,3,1,152
BRDA:45,4,0,1
BRDA:45,4,1,7
BRF:10
BRH:10
end_of_record
TN:
SF:src/validators/recipeValidator.js
FN:5,(anonymous_0)
FN:33,(anonymous_1)
FN:37,(anonymous_2)
FNF:3
FNH:3
FNDA:108,(anonymous_0)
FNDA:361,(anonymous_1)
FNDA:358,(anonymous_2)
DA:1,5
DA:2,5
DA:3,5
DA:5,5
DA:6,108
DA:7,108
DA:9,108
DA:11,108
DA:12,4
DA:13,104
DA:14,1
DA:15,103
DA:16,1
DA:19,108
DA:20,80
DA:21,1
DA:22,79
DA:23,1
DA:27,108
DA:28,2
DA:30,106
DA:31,2
DA:33,104
DA:34,361
DA:36,104
DA:37,358
DA:39,104
DA:40,3
DA:42,101
DA:43,101
DA:44,1
DA:50,108
DA:51,108
DA:52,1
DA:53,107
DA:54,1
DA:55,106
DA:56,1
DA:59,108
DA:60,2
DA:61,106
DA:62,2
DA:65,108
DA:66,80
DA:67,1
DA:71,108
DA:72,80
DA:73,1
DA:77,108
DA:78,81
DA:79,81
DA:80,1
DA:84,108
DA:87,5
LF:54
LH:54
BRDA:9,0,0,105
BRDA:9,0,1,3
BRDA:11,1,0,4
BRDA:11,1,1,104
BRDA:13,2,0,1
BRDA:13,2,1,103
BRDA:15,3,0,1
BRDA:15,3,1,102
BRDA:19,4,0,80
BRDA:19,4,1,28
BRDA:19,5,0,108
BRDA:19,5,1,82
BRDA:19,5,2,81
BRDA:20,6,0,1
BRDA:20,6,1,79
BRDA:22,7,0,1
BRDA:22,7,1,78
BRDA:27,8,0,2
BRDA:27,8,1,106
BRDA:27,9,0,108
BRDA:27,9,1,107
BRDA:30,10,0,2
BRDA:30,10,1,104
BRDA:30,11,0,106
BRDA:30,11,1,105
BRDA:34,12,0,360
BRDA:34,12,1,1
BRDA:37,13,0,358
BRDA:37,13,1,357
BRDA:37,13,2,356
BRDA:39,14,0,3
BRDA:39,14,1,101
BRDA:43,15,0,1
BRDA:43,15,1,100
BRDA:50,16,0,107
BRDA:50,16,1,1
BRDA:51,17,0,1
BRDA:51,17,1,107
BRDA:53,18,0,1
BRDA:53,18,1,106
BRDA:55,19,0,1
BRDA:55,19,1,105
BRDA:59,20,0,2
BRDA:59,20,1,106
BRDA:61,21,0,2
BRDA:61,21,1,104
BRDA:65,22,0,80
BRDA:65,22,1,28
BRDA:65,23,0,108
BRDA:65,23,1,82
BRDA:65,23,2,81
BRDA:66,24,0,1
BRDA:66,24,1,79
BRDA:71,25,0,80
BRDA:71,25,1,28
BRDA:71,26,0,108
BRDA:71,26,1,82
BRDA:71,26,2,81
BRDA:72,27,0,1
BRDA:72,27,1,79
BRDA:77,28,0,81
BRDA:77,28,1,27
BRDA:77,29,0,108
BRDA:77,29,1,83
BRDA:77,29,2,82
BRDA:78,30,0,80
BRDA:78,30,1,1
BRDA:79,31,0,1
BRDA:79,31,1,80
BRDA:79,32,0,81
BRDA:79,32,1,80
BRF:71
BRH:71
end_of_record
TN:
SF:src/validators/userValidator.js
FN:1,(anonymous_0)
FN:36,(anonymous_1)
FNF:2
FNH:2
FNDA:172,(anonymous_0)
FNDA:159,(anonymous_1)
DA:1,5
DA:2,172
DA:3,172
DA:5,172
DA:6,172
DA:7,172
DA:9,172
DA:10,5
DA:11,5
DA:14,167
DA:15,1
DA:16,166
DA:17,1
DA:20,167
DA:21,167
DA:22,1
DA:23,166
DA:24,1
DA:27,167
DA:28,1
DA:29,166
DA:30,1
DA:33,167
DA:36,5
DA:37,159
DA:38,159
DA:40,159
DA:41,159
DA:43,159
DA:44,3
DA:47,159
DA:50,5
LF:32
LH:32
BRDA:5,0,0,169
BRDA:5,0,1,3
BRDA:6,1,0,169
BRDA:6,1,1,3
BRDA:7,2,0,169
BRDA:7,2,1,3
BRDA:9,3,0,5
BRDA:9,3,1,167
BRDA:9,4,0,172
BRDA:9,4,1,169
BRDA:9,4,2,168
BRDA:14,5,0,1
BRDA:14,5,1,166
BRDA:16,6,0,1
BRDA:16,6,1,165
BRDA:21,7,0,1
BRDA:21,7,1,166
BRDA:23,8,0,1
BRDA:23,8,1,165
BRDA:27,9,0,1
BRDA:27,9,1,166
BRDA:29,10,0,1
BRDA:29,10,1,165
BRDA:40,11,0,157
BRDA:40,11,1,2
BRDA:41,12,0,157
BRDA:41,12,1,2
BRDA:43,13,0,3
BRDA:43,13,1,156
BRDA:43,14,0,159
BRDA:43,14,1,157
BRF:31
BRH:31
end_of_record
